{"/home/simeon/Documents/kick-survey/app/config/authentication.js":{"path":"/home/simeon/Documents/kick-survey/app/config/authentication.js","statementMap":{"0":{"start":{"line":1,"column":15},"end":{"line":1,"column":35}},"1":{"start":{"line":3,"column":17},"end":{"line":3,"column":36}},"2":{"start":{"line":4,"column":16},"end":{"line":4,"column":42}},"3":{"start":{"line":5,"column":21},"end":{"line":5,"column":45}},"4":{"start":{"line":6,"column":17},"end":{"line":6,"column":51}},"5":{"start":{"line":9,"column":15},"end":{"line":9,"column":64}},"6":{"start":{"line":11,"column":13},"end":{"line":59,"column":1}},"7":{"start":{"line":12,"column":4},"end":{"line":32,"column":8}},"8":{"start":{"line":13,"column":21},"end":{"line":13,"column":62}},"9":{"start":{"line":15,"column":33},"end":{"line":15,"column":62}},"10":{"start":{"line":17,"column":8},"end":{"line":21,"column":9}},"11":{"start":{"line":18,"column":12},"end":{"line":20,"column":15}},"12":{"start":{"line":23,"column":31},"end":{"line":23,"column":78}},"13":{"start":{"line":25,"column":8},"end":{"line":29,"column":9}},"14":{"start":{"line":26,"column":12},"end":{"line":28,"column":15}},"15":{"start":{"line":31,"column":8},"end":{"line":31,"column":32}},"16":{"start":{"line":34,"column":4},"end":{"line":36,"column":7}},"17":{"start":{"line":35,"column":8},"end":{"line":35,"column":34}},"18":{"start":{"line":38,"column":4},"end":{"line":51,"column":7}},"19":{"start":{"line":40,"column":8},"end":{"line":50,"column":9}},"20":{"start":{"line":41,"column":12},"end":{"line":41,"column":61}},"21":{"start":{"line":43,"column":12},"end":{"line":45,"column":13}},"22":{"start":{"line":44,"column":16},"end":{"line":44,"column":55}},"23":{"start":{"line":47,"column":12},"end":{"line":47,"column":36}},"24":{"start":{"line":49,"column":12},"end":{"line":49,"column":29}},"25":{"start":{"line":53,"column":4},"end":{"line":53,"column":28}},"26":{"start":{"line":54,"column":4},"end":{"line":56,"column":8}},"27":{"start":{"line":57,"column":4},"end":{"line":57,"column":35}},"28":{"start":{"line":58,"column":4},"end":{"line":58,"column":32}},"29":{"start":{"line":61,"column":0},"end":{"line":63,"column":2}}},"fnMap":{"0":{"name":"(anonymous_0)","decl":{"start":{"line":11,"column":13},"end":{"line":11,"column":14}},"loc":{"start":{"line":11,"column":28},"end":{"line":59,"column":1}},"line":11},"1":{"name":"(anonymous_1)","decl":{"start":{"line":12,"column":30},"end":{"line":12,"column":31}},"loc":{"start":{"line":12,"column":66},"end":{"line":32,"column":5}},"line":12},"2":{"name":"(anonymous_2)","decl":{"start":{"line":34,"column":27},"end":{"line":34,"column":28}},"loc":{"start":{"line":34,"column":43},"end":{"line":36,"column":5}},"line":34},"3":{"name":"(anonymous_3)","decl":{"start":{"line":38,"column":29},"end":{"line":38,"column":30}},"loc":{"start":{"line":38,"column":55},"end":{"line":51,"column":5}},"line":38}},"branchMap":{"0":{"loc":{"start":{"line":17,"column":8},"end":{"line":21,"column":9}},"type":"if","locations":[{"start":{"line":17,"column":8},"end":{"line":21,"column":9}},{"start":{"line":17,"column":8},"end":{"line":21,"column":9}}],"line":17},"1":{"loc":{"start":{"line":25,"column":8},"end":{"line":29,"column":9}},"type":"if","locations":[{"start":{"line":25,"column":8},"end":{"line":29,"column":9}},{"start":{"line":25,"column":8},"end":{"line":29,"column":9}}],"line":25},"2":{"loc":{"start":{"line":43,"column":12},"end":{"line":45,"column":13}},"type":"if","locations":[{"start":{"line":43,"column":12},"end":{"line":45,"column":13}},{"start":{"line":43,"column":12},"end":{"line":45,"column":13}}],"line":43}},"s":{"0":0,"1":0,"2":0,"3":0,"4":0,"5":0,"6":0,"7":0,"8":0,"9":0,"10":0,"11":0,"12":0,"13":0,"14":0,"15":0,"16":0,"17":0,"18":0,"19":0,"20":0,"21":0,"22":0,"23":0,"24":0,"25":0,"26":0,"27":0,"28":0,"29":0},"f":{"0":0,"1":0,"2":0,"3":0},"b":{"0":[0,0],"1":[0,0],"2":[0,0]}},"/home/simeon/Documents/kick-survey/app/config/express.js":{"path":"/home/simeon/Documents/kick-survey/app/config/express.js","statementMap":{"0":{"start":{"line":2,"column":13},"end":{"line":2,"column":28}},"1":{"start":{"line":4,"column":16},"end":{"line":4,"column":34}},"2":{"start":{"line":5,"column":19},"end":{"line":5,"column":41}},"3":{"start":{"line":6,"column":15},"end":{"line":6,"column":32}},"4":{"start":{"line":9,"column":13},"end":{"line":22,"column":1}},"5":{"start":{"line":10,"column":4},"end":{"line":13,"column":5}},"6":{"start":{"line":12,"column":8},"end":{"line":12,"column":39}},"7":{"start":{"line":15,"column":4},"end":{"line":17,"column":8}},"8":{"start":{"line":19,"column":4},"end":{"line":19,"column":77}},"9":{"start":{"line":20,"column":4},"end":{"line":20,"column":32}},"10":{"start":{"line":21,"column":4},"end":{"line":21,"column":34}},"11":{"start":{"line":24,"column":0},"end":{"line":26,"column":2}}},"fnMap":{"0":{"name":"(anonymous_0)","decl":{"start":{"line":9,"column":13},"end":{"line":9,"column":14}},"loc":{"start":{"line":9,"column":22},"end":{"line":22,"column":1}},"line":9}},"branchMap":{"0":{"loc":{"start":{"line":10,"column":4},"end":{"line":13,"column":5}},"type":"if","locations":[{"start":{"line":10,"column":4},"end":{"line":13,"column":5}},{"start":{"line":10,"column":4},"end":{"line":13,"column":5}}],"line":10},"1":{"loc":{"start":{"line":10,"column":8},"end":{"line":11,"column":37}},"type":"binary-expr","locations":[{"start":{"line":10,"column":8},"end":{"line":10,"column":37}},{"start":{"line":11,"column":8},"end":{"line":11,"column":37}}],"line":10}},"s":{"0":0,"1":0,"2":0,"3":0,"4":0,"5":0,"6":0,"7":0,"8":0,"9":0,"10":0,"11":0},"f":{"0":0},"b":{"0":[0,0],"1":[0,0]}},"/home/simeon/Documents/kick-survey/app/config/index.js":{"path":"/home/simeon/Documents/kick-survey/app/config/index.js","statementMap":{"0":{"start":{"line":2,"column":13},"end":{"line":2,"column":37}},"1":{"start":{"line":3,"column":15},"end":{"line":3,"column":104}},"2":{"start":{"line":4,"column":0},"end":{"line":7,"column":2}}},"fnMap":{},"branchMap":{"0":{"loc":{"start":{"line":2,"column":13},"end":{"line":2,"column":37}},"type":"binary-expr","locations":[{"start":{"line":2,"column":13},"end":{"line":2,"column":29}},{"start":{"line":2,"column":33},"end":{"line":2,"column":37}}],"line":2}},"s":{"0":0,"1":0,"2":0},"f":{},"b":{"0":[0,0]}},"/home/simeon/Documents/kick-survey/app/controllers/cryptography-controller.js":{"path":"/home/simeon/Documents/kick-survey/app/controllers/cryptography-controller.js","statementMap":{"0":{"start":{"line":2,"column":15},"end":{"line":2,"column":32}},"1":{"start":{"line":3,"column":15},"end":{"line":3,"column":32}},"2":{"start":{"line":5,"column":18},"end":{"line":5,"column":31}},"3":{"start":{"line":6,"column":12},"end":{"line":6,"column":50}},"4":{"start":{"line":7,"column":11},"end":{"line":7,"column":49}},"5":{"start":{"line":15,"column":8},"end":{"line":19,"column":9}},"6":{"start":{"line":16,"column":12},"end":{"line":16,"column":54}},"7":{"start":{"line":18,"column":12},"end":{"line":18,"column":40}},"8":{"start":{"line":20,"column":23},"end":{"line":20,"column":64}},"9":{"start":{"line":21,"column":22},"end":{"line":21,"column":56}},"10":{"start":{"line":22,"column":8},"end":{"line":22,"column":39}},"11":{"start":{"line":23,"column":8},"end":{"line":23,"column":23}},"12":{"start":{"line":27,"column":8},"end":{"line":34,"column":9}},"13":{"start":{"line":28,"column":29},"end":{"line":28,"column":72}},"14":{"start":{"line":29,"column":22},"end":{"line":29,"column":58}},"15":{"start":{"line":30,"column":12},"end":{"line":30,"column":42}},"16":{"start":{"line":31,"column":12},"end":{"line":31,"column":23}},"17":{"start":{"line":33,"column":12},"end":{"line":33,"column":22}},"18":{"start":{"line":43,"column":27},"end":{"line":43,"column":29}},"19":{"start":{"line":44,"column":8},"end":{"line":44,"column":49}},"20":{"start":{"line":54,"column":8},"end":{"line":54,"column":46}},"21":{"start":{"line":58,"column":0},"end":{"line":58,"column":30}}},"fnMap":{"0":{"name":"(anonymous_0)","decl":{"start":{"line":10,"column":4},"end":{"line":10,"column":5}},"loc":{"start":{"line":10,"column":18},"end":{"line":11,"column":5}},"line":10},"1":{"name":"(anonymous_1)","decl":{"start":{"line":13,"column":4},"end":{"line":13,"column":5}},"loc":{"start":{"line":13,"column":39},"end":{"line":24,"column":5}},"line":13},"2":{"name":"(anonymous_2)","decl":{"start":{"line":26,"column":4},"end":{"line":26,"column":5}},"loc":{"start":{"line":26,"column":18},"end":{"line":35,"column":5}},"line":26},"3":{"name":"(anonymous_3)","decl":{"start":{"line":42,"column":4},"end":{"line":42,"column":5}},"loc":{"start":{"line":42,"column":27},"end":{"line":45,"column":5}},"line":42},"4":{"name":"(anonymous_4)","decl":{"start":{"line":53,"column":4},"end":{"line":53,"column":5}},"loc":{"start":{"line":53,"column":37},"end":{"line":55,"column":5}},"line":53}},"branchMap":{"0":{"loc":{"start":{"line":13,"column":26},"end":{"line":13,"column":37}},"type":"default-arg","locations":[{"start":{"line":13,"column":33},"end":{"line":13,"column":37}}],"line":13},"1":{"loc":{"start":{"line":15,"column":8},"end":{"line":19,"column":9}},"type":"if","locations":[{"start":{"line":15,"column":8},"end":{"line":19,"column":9}},{"start":{"line":15,"column":8},"end":{"line":19,"column":9}}],"line":15}},"s":{"0":0,"1":0,"2":0,"3":0,"4":0,"5":0,"6":0,"7":0,"8":0,"9":0,"10":0,"11":0,"12":0,"13":0,"14":0,"15":0,"16":0,"17":0,"18":0,"19":0,"20":0,"21":0},"f":{"0":0,"1":0,"2":0,"3":0,"4":0},"b":{"0":[0],"1":[0,0]}},"/home/simeon/Documents/kick-survey/app/controllers/data-controller.js":{"path":"/home/simeon/Documents/kick-survey/app/controllers/data-controller.js","statementMap":{"0":{"start":{"line":2,"column":20},"end":{"line":2,"column":61}},"1":{"start":{"line":3,"column":15},"end":{"line":3,"column":51}},"2":{"start":{"line":4,"column":15},"end":{"line":4,"column":32}},"3":{"start":{"line":7,"column":8},"end":{"line":7,"column":25}},"4":{"start":{"line":18,"column":8},"end":{"line":22,"column":9}},"5":{"start":{"line":19,"column":12},"end":{"line":19,"column":70}},"6":{"start":{"line":21,"column":12},"end":{"line":21,"column":25}},"7":{"start":{"line":24,"column":31},"end":{"line":48,"column":10}},"8":{"start":{"line":25,"column":31},"end":{"line":33,"column":13}},"9":{"start":{"line":36,"column":16},"end":{"line":36,"column":71}},"10":{"start":{"line":39,"column":12},"end":{"line":43,"column":13}},"11":{"start":{"line":40,"column":16},"end":{"line":40,"column":73}},"12":{"start":{"line":42,"column":16},"end":{"line":42,"column":36}},"13":{"start":{"line":45,"column":12},"end":{"line":45,"column":65}},"14":{"start":{"line":47,"column":12},"end":{"line":47,"column":30}},"15":{"start":{"line":50,"column":28},"end":{"line":50,"column":61}},"16":{"start":{"line":52,"column":8},"end":{"line":52,"column":27}},"17":{"start":{"line":62,"column":29},"end":{"line":62,"column":41}},"18":{"start":{"line":65,"column":8},"end":{"line":69,"column":9}},"19":{"start":{"line":66,"column":12},"end":{"line":66,"column":48}},"20":{"start":{"line":68,"column":12},"end":{"line":68,"column":51}},"21":{"start":{"line":71,"column":23},"end":{"line":71,"column":49}},"22":{"start":{"line":72,"column":21},"end":{"line":72,"column":53}},"23":{"start":{"line":74,"column":23},"end":{"line":74,"column":70}},"24":{"start":{"line":76,"column":8},"end":{"line":78,"column":9}},"25":{"start":{"line":77,"column":12},"end":{"line":77,"column":51}},"26":{"start":{"line":81,"column":12},"end":{"line":81,"column":67}},"27":{"start":{"line":83,"column":8},"end":{"line":83,"column":49}},"28":{"start":{"line":85,"column":31},"end":{"line":85,"column":70}},"29":{"start":{"line":87,"column":8},"end":{"line":87,"column":68}},"30":{"start":{"line":89,"column":8},"end":{"line":89,"column":22}},"31":{"start":{"line":100,"column":29},"end":{"line":116,"column":10}},"32":{"start":{"line":101,"column":36},"end":{"line":110,"column":13}},"33":{"start":{"line":112,"column":35},"end":{"line":112,"column":71}},"34":{"start":{"line":114,"column":12},"end":{"line":114,"column":64}},"35":{"start":{"line":115,"column":12},"end":{"line":115,"column":35}},"36":{"start":{"line":118,"column":31},"end":{"line":118,"column":62}},"37":{"start":{"line":119,"column":8},"end":{"line":119,"column":30}},"38":{"start":{"line":130,"column":12},"end":{"line":130,"column":67}},"39":{"start":{"line":132,"column":31},"end":{"line":137,"column":10}},"40":{"start":{"line":133,"column":12},"end":{"line":136,"column":14}},"41":{"start":{"line":139,"column":8},"end":{"line":139,"column":30}},"42":{"start":{"line":143,"column":22},"end":{"line":143,"column":52}},"43":{"start":{"line":144,"column":28},"end":{"line":162,"column":10}},"44":{"start":{"line":145,"column":28},"end":{"line":145,"column":75}},"45":{"start":{"line":146,"column":33},"end":{"line":159,"column":14}},"46":{"start":{"line":147,"column":39},"end":{"line":147,"column":41}},"47":{"start":{"line":148,"column":16},"end":{"line":148,"column":51}},"48":{"start":{"line":149,"column":16},"end":{"line":149,"column":38}},"49":{"start":{"line":150,"column":42},"end":{"line":156,"column":22}},"50":{"start":{"line":152,"column":44},"end":{"line":153,"column":45}},"51":{"start":{"line":154,"column":45},"end":{"line":154,"column":61}},"52":{"start":{"line":155,"column":24},"end":{"line":155,"column":44}},"53":{"start":{"line":157,"column":40},"end":{"line":157,"column":76}},"54":{"start":{"line":158,"column":16},"end":{"line":158,"column":39}},"55":{"start":{"line":160,"column":31},"end":{"line":160,"column":62}},"56":{"start":{"line":161,"column":12},"end":{"line":161,"column":30}},"57":{"start":{"line":163,"column":24},"end":{"line":163,"column":54}},"58":{"start":{"line":165,"column":8},"end":{"line":165,"column":50}},"59":{"start":{"line":167,"column":32},"end":{"line":168,"column":70}},"60":{"start":{"line":168,"column":24},"end":{"line":168,"column":68}},"61":{"start":{"line":168,"column":52},"end":{"line":168,"column":59}},"62":{"start":{"line":170,"column":22},"end":{"line":170,"column":24}},"63":{"start":{"line":171,"column":21},"end":{"line":171,"column":23}},"64":{"start":{"line":173,"column":8},"end":{"line":176,"column":11}},"65":{"start":{"line":174,"column":12},"end":{"line":174,"column":28}},"66":{"start":{"line":175,"column":12},"end":{"line":175,"column":29}},"67":{"start":{"line":178,"column":8},"end":{"line":181,"column":10}},"68":{"start":{"line":185,"column":29},"end":{"line":185,"column":63}},"69":{"start":{"line":186,"column":36},"end":{"line":186,"column":38}},"70":{"start":{"line":187,"column":8},"end":{"line":189,"column":11}},"71":{"start":{"line":188,"column":12},"end":{"line":188,"column":61}},"72":{"start":{"line":190,"column":20},"end":{"line":195,"column":10}},"73":{"start":{"line":191,"column":33},"end":{"line":191,"column":35}},"74":{"start":{"line":192,"column":27},"end":{"line":192,"column":60}},"75":{"start":{"line":193,"column":12},"end":{"line":193,"column":51}},"76":{"start":{"line":194,"column":12},"end":{"line":194,"column":32}},"77":{"start":{"line":196,"column":21},"end":{"line":196,"column":43}},"78":{"start":{"line":197,"column":8},"end":{"line":197,"column":44}},"79":{"start":{"line":198,"column":32},"end":{"line":199,"column":67}},"80":{"start":{"line":199,"column":24},"end":{"line":199,"column":65}},"81":{"start":{"line":199,"column":49},"end":{"line":199,"column":56}},"82":{"start":{"line":201,"column":22},"end":{"line":201,"column":24}},"83":{"start":{"line":202,"column":21},"end":{"line":202,"column":23}},"84":{"start":{"line":203,"column":8},"end":{"line":206,"column":11}},"85":{"start":{"line":204,"column":12},"end":{"line":204,"column":28}},"86":{"start":{"line":205,"column":12},"end":{"line":205,"column":29}},"87":{"start":{"line":207,"column":8},"end":{"line":210,"column":10}},"88":{"start":{"line":214,"column":21},"end":{"line":214,"column":99}},"89":{"start":{"line":215,"column":27},"end":{"line":215,"column":80}},"90":{"start":{"line":216,"column":26},"end":{"line":216,"column":28}},"91":{"start":{"line":217,"column":8},"end":{"line":220,"column":11}},"92":{"start":{"line":218,"column":30},"end":{"line":218,"column":59}},"93":{"start":{"line":219,"column":12},"end":{"line":219,"column":38}},"94":{"start":{"line":222,"column":26},"end":{"line":223,"column":70}},"95":{"start":{"line":223,"column":24},"end":{"line":223,"column":68}},"96":{"start":{"line":223,"column":52},"end":{"line":223,"column":59}},"97":{"start":{"line":225,"column":22},"end":{"line":225,"column":24}},"98":{"start":{"line":226,"column":21},"end":{"line":226,"column":23}},"99":{"start":{"line":228,"column":8},"end":{"line":231,"column":11}},"100":{"start":{"line":229,"column":12},"end":{"line":229,"column":28}},"101":{"start":{"line":230,"column":12},"end":{"line":230,"column":29}},"102":{"start":{"line":233,"column":8},"end":{"line":236,"column":10}},"103":{"start":{"line":240,"column":8},"end":{"line":240,"column":45}},"104":{"start":{"line":243,"column":8},"end":{"line":243,"column":40}},"105":{"start":{"line":247,"column":0},"end":{"line":247,"column":32}}},"fnMap":{"0":{"name":"(anonymous_0)","decl":{"start":{"line":6,"column":4},"end":{"line":6,"column":5}},"loc":{"start":{"line":6,"column":22},"end":{"line":8,"column":5}},"line":6},"1":{"name":"(anonymous_1)","decl":{"start":{"line":16,"column":4},"end":{"line":16,"column":5}},"loc":{"start":{"line":16,"column":35},"end":{"line":53,"column":5}},"line":16},"2":{"name":"(anonymous_2)","decl":{"start":{"line":24,"column":43},"end":{"line":24,"column":44}},"loc":{"start":{"line":24,"column":61},"end":{"line":48,"column":9}},"line":24},"3":{"name":"(anonymous_3)","decl":{"start":{"line":61,"column":4},"end":{"line":61,"column":5}},"loc":{"start":{"line":61,"column":33},"end":{"line":90,"column":5}},"line":61},"4":{"name":"(anonymous_4)","decl":{"start":{"line":99,"column":4},"end":{"line":99,"column":5}},"loc":{"start":{"line":99,"column":39},"end":{"line":120,"column":5}},"line":99},"5":{"name":"(anonymous_5)","decl":{"start":{"line":100,"column":43},"end":{"line":100,"column":44}},"loc":{"start":{"line":100,"column":63},"end":{"line":116,"column":9}},"line":100},"6":{"name":"(anonymous_6)","decl":{"start":{"line":128,"column":4},"end":{"line":128,"column":5}},"loc":{"start":{"line":128,"column":36},"end":{"line":140,"column":5}},"line":128},"7":{"name":"(anonymous_7)","decl":{"start":{"line":132,"column":43},"end":{"line":132,"column":44}},"loc":{"start":{"line":132,"column":55},"end":{"line":137,"column":9}},"line":132},"8":{"name":"(anonymous_8)","decl":{"start":{"line":142,"column":4},"end":{"line":142,"column":5}},"loc":{"start":{"line":142,"column":34},"end":{"line":182,"column":5}},"line":142},"9":{"name":"(anonymous_9)","decl":{"start":{"line":144,"column":38},"end":{"line":144,"column":39}},"loc":{"start":{"line":144,"column":54},"end":{"line":162,"column":9}},"line":144},"10":{"name":"(anonymous_10)","decl":{"start":{"line":146,"column":45},"end":{"line":146,"column":46}},"loc":{"start":{"line":146,"column":63},"end":{"line":159,"column":13}},"line":146},"11":{"name":"(anonymous_11)","decl":{"start":{"line":151,"column":25},"end":{"line":151,"column":26}},"loc":{"start":{"line":151,"column":44},"end":{"line":156,"column":21}},"line":151},"12":{"name":"(anonymous_12)","decl":{"start":{"line":168,"column":17},"end":{"line":168,"column":18}},"loc":{"start":{"line":168,"column":24},"end":{"line":168,"column":68}},"line":168},"13":{"name":"(anonymous_13)","decl":{"start":{"line":168,"column":45},"end":{"line":168,"column":46}},"loc":{"start":{"line":168,"column":52},"end":{"line":168,"column":59}},"line":168},"14":{"name":"(anonymous_14)","decl":{"start":{"line":173,"column":32},"end":{"line":173,"column":33}},"loc":{"start":{"line":173,"column":53},"end":{"line":176,"column":9}},"line":173},"15":{"name":"(anonymous_15)","decl":{"start":{"line":184,"column":4},"end":{"line":184,"column":5}},"loc":{"start":{"line":184,"column":29},"end":{"line":211,"column":5}},"line":184},"16":{"name":"(anonymous_16)","decl":{"start":{"line":187,"column":25},"end":{"line":187,"column":26}},"loc":{"start":{"line":187,"column":45},"end":{"line":189,"column":9}},"line":187},"17":{"name":"(anonymous_17)","decl":{"start":{"line":190,"column":44},"end":{"line":190,"column":45}},"loc":{"start":{"line":190,"column":58},"end":{"line":195,"column":9}},"line":190},"18":{"name":"(anonymous_18)","decl":{"start":{"line":199,"column":17},"end":{"line":199,"column":18}},"loc":{"start":{"line":199,"column":24},"end":{"line":199,"column":65}},"line":199},"19":{"name":"(anonymous_19)","decl":{"start":{"line":199,"column":42},"end":{"line":199,"column":43}},"loc":{"start":{"line":199,"column":49},"end":{"line":199,"column":56}},"line":199},"20":{"name":"(anonymous_20)","decl":{"start":{"line":203,"column":32},"end":{"line":203,"column":33}},"loc":{"start":{"line":203,"column":53},"end":{"line":206,"column":9}},"line":203},"21":{"name":"(anonymous_21)","decl":{"start":{"line":213,"column":4},"end":{"line":213,"column":5}},"loc":{"start":{"line":213,"column":29},"end":{"line":237,"column":5}},"line":213},"22":{"name":"(anonymous_22)","decl":{"start":{"line":217,"column":23},"end":{"line":217,"column":24}},"loc":{"start":{"line":217,"column":32},"end":{"line":220,"column":9}},"line":217},"23":{"name":"(anonymous_23)","decl":{"start":{"line":223,"column":17},"end":{"line":223,"column":18}},"loc":{"start":{"line":223,"column":24},"end":{"line":223,"column":68}},"line":223},"24":{"name":"(anonymous_24)","decl":{"start":{"line":223,"column":45},"end":{"line":223,"column":46}},"loc":{"start":{"line":223,"column":52},"end":{"line":223,"column":59}},"line":223},"25":{"name":"(anonymous_25)","decl":{"start":{"line":228,"column":26},"end":{"line":228,"column":27}},"loc":{"start":{"line":228,"column":47},"end":{"line":231,"column":9}},"line":228},"26":{"name":"(anonymous_26)","decl":{"start":{"line":239,"column":4},"end":{"line":239,"column":5}},"loc":{"start":{"line":239,"column":23},"end":{"line":241,"column":5}},"line":239},"27":{"name":"(anonymous_27)","decl":{"start":{"line":242,"column":4},"end":{"line":242,"column":5}},"loc":{"start":{"line":242,"column":26},"end":{"line":244,"column":5}},"line":242}},"branchMap":{"0":{"loc":{"start":{"line":76,"column":8},"end":{"line":78,"column":9}},"type":"if","locations":[{"start":{"line":76,"column":8},"end":{"line":78,"column":9}},{"start":{"line":76,"column":8},"end":{"line":78,"column":9}}],"line":76}},"s":{"0":0,"1":0,"2":0,"3":0,"4":0,"5":0,"6":0,"7":0,"8":0,"9":0,"10":0,"11":0,"12":0,"13":0,"14":0,"15":0,"16":0,"17":0,"18":0,"19":0,"20":0,"21":0,"22":0,"23":0,"24":0,"25":0,"26":0,"27":0,"28":0,"29":0,"30":0,"31":0,"32":0,"33":0,"34":0,"35":0,"36":0,"37":0,"38":0,"39":0,"40":0,"41":0,"42":0,"43":0,"44":0,"45":0,"46":0,"47":0,"48":0,"49":0,"50":0,"51":0,"52":0,"53":0,"54":0,"55":0,"56":0,"57":0,"58":0,"59":0,"60":0,"61":0,"62":0,"63":0,"64":0,"65":0,"66":0,"67":0,"68":0,"69":0,"70":0,"71":0,"72":0,"73":0,"74":0,"75":0,"76":0,"77":0,"78":0,"79":0,"80":0,"81":0,"82":0,"83":0,"84":0,"85":0,"86":0,"87":0,"88":0,"89":0,"90":0,"91":0,"92":0,"93":0,"94":0,"95":0,"96":0,"97":0,"98":0,"99":0,"100":0,"101":0,"102":0,"103":0,"104":0,"105":0},"f":{"0":0,"1":0,"2":0,"3":0,"4":0,"5":0,"6":0,"7":0,"8":0,"9":0,"10":0,"11":0,"12":0,"13":0,"14":0,"15":0,"16":0,"17":0,"18":0,"19":0,"20":0,"21":0,"22":0,"23":0,"24":0,"25":0,"26":0,"27":0},"b":{"0":[0,0]}},"/home/simeon/Documents/kick-survey/app/controllers/exceptions/data-exceptions/empty-email.js":{"path":"/home/simeon/Documents/kick-survey/app/controllers/exceptions/data-exceptions/empty-email.js","statementMap":{"0":{"start":{"line":1,"column":18},"end":{"line":1,"column":41}},"1":{"start":{"line":5,"column":8},"end":{"line":5,"column":43}},"2":{"start":{"line":9,"column":0},"end":{"line":9,"column":28}}},"fnMap":{"0":{"name":"(anonymous_0)","decl":{"start":{"line":4,"column":4},"end":{"line":4,"column":5}},"loc":{"start":{"line":4,"column":18},"end":{"line":6,"column":5}},"line":4}},"branchMap":{},"s":{"0":0,"1":0,"2":0},"f":{"0":0},"b":{}},"/home/simeon/Documents/kick-survey/app/controllers/exceptions/data-exceptions/empty-username.js":{"path":"/home/simeon/Documents/kick-survey/app/controllers/exceptions/data-exceptions/empty-username.js","statementMap":{"0":{"start":{"line":1,"column":18},"end":{"line":1,"column":41}},"1":{"start":{"line":5,"column":8},"end":{"line":5,"column":46}},"2":{"start":{"line":9,"column":0},"end":{"line":9,"column":31}}},"fnMap":{"0":{"name":"(anonymous_0)","decl":{"start":{"line":4,"column":4},"end":{"line":4,"column":5}},"loc":{"start":{"line":4,"column":18},"end":{"line":6,"column":5}},"line":4}},"branchMap":{},"s":{"0":0,"1":0,"2":0},"f":{"0":0},"b":{}},"/home/simeon/Documents/kick-survey/app/controllers/exceptions/data-exceptions/existing-email.js":{"path":"/home/simeon/Documents/kick-survey/app/controllers/exceptions/data-exceptions/existing-email.js","statementMap":{"0":{"start":{"line":1,"column":18},"end":{"line":1,"column":41}},"1":{"start":{"line":5,"column":8},"end":{"line":5,"column":47}},"2":{"start":{"line":9,"column":0},"end":{"line":9,"column":31}}},"fnMap":{"0":{"name":"(anonymous_0)","decl":{"start":{"line":4,"column":4},"end":{"line":4,"column":5}},"loc":{"start":{"line":4,"column":18},"end":{"line":6,"column":5}},"line":4}},"branchMap":{},"s":{"0":0,"1":0,"2":0},"f":{"0":0},"b":{}},"/home/simeon/Documents/kick-survey/app/controllers/exceptions/data-exceptions/existing-username.js":{"path":"/home/simeon/Documents/kick-survey/app/controllers/exceptions/data-exceptions/existing-username.js","statementMap":{"0":{"start":{"line":1,"column":18},"end":{"line":1,"column":41}},"1":{"start":{"line":5,"column":8},"end":{"line":5,"column":50}},"2":{"start":{"line":9,"column":0},"end":{"line":9,"column":34}}},"fnMap":{"0":{"name":"(anonymous_0)","decl":{"start":{"line":4,"column":4},"end":{"line":4,"column":5}},"loc":{"start":{"line":4,"column":18},"end":{"line":6,"column":5}},"line":4}},"branchMap":{},"s":{"0":0,"1":0,"2":0},"f":{"0":0},"b":{}},"/home/simeon/Documents/kick-survey/app/controllers/exceptions/data-exceptions/index.js":{"path":"/home/simeon/Documents/kick-survey/app/controllers/exceptions/data-exceptions/index.js","statementMap":{"0":{"start":{"line":1,"column":25},"end":{"line":1,"column":55}},"1":{"start":{"line":2,"column":22},"end":{"line":2,"column":49}},"2":{"start":{"line":3,"column":21},"end":{"line":3,"column":47}},"3":{"start":{"line":4,"column":22},"end":{"line":4,"column":49}},"4":{"start":{"line":5,"column":19},"end":{"line":5,"column":43}},"5":{"start":{"line":6,"column":21},"end":{"line":6,"column":47}},"6":{"start":{"line":7,"column":18},"end":{"line":7,"column":41}},"7":{"start":{"line":8,"column":22},"end":{"line":8,"column":49}},"8":{"start":{"line":9,"column":29},"end":{"line":9,"column":64}},"9":{"start":{"line":11,"column":0},"end":{"line":21,"column":2}}},"fnMap":{},"branchMap":{},"s":{"0":0,"1":0,"2":0,"3":0,"4":0,"5":0,"6":0,"7":0,"8":0,"9":0},"f":{},"b":{}},"/home/simeon/Documents/kick-survey/app/controllers/exceptions/data-exceptions/invalid-email.js":{"path":"/home/simeon/Documents/kick-survey/app/controllers/exceptions/data-exceptions/invalid-email.js","statementMap":{"0":{"start":{"line":1,"column":18},"end":{"line":1,"column":41}},"1":{"start":{"line":5,"column":8},"end":{"line":5,"column":45}},"2":{"start":{"line":9,"column":0},"end":{"line":9,"column":30}}},"fnMap":{"0":{"name":"(anonymous_0)","decl":{"start":{"line":4,"column":4},"end":{"line":4,"column":5}},"loc":{"start":{"line":4,"column":18},"end":{"line":6,"column":5}},"line":4}},"branchMap":{},"s":{"0":0,"1":0,"2":0},"f":{"0":0},"b":{}},"/home/simeon/Documents/kick-survey/app/controllers/exceptions/data-exceptions/not-matching-passwords.js":{"path":"/home/simeon/Documents/kick-survey/app/controllers/exceptions/data-exceptions/not-matching-passwords.js","statementMap":{"0":{"start":{"line":1,"column":18},"end":{"line":1,"column":41}},"1":{"start":{"line":5,"column":8},"end":{"line":5,"column":44}},"2":{"start":{"line":9,"column":0},"end":{"line":9,"column":38}}},"fnMap":{"0":{"name":"(anonymous_0)","decl":{"start":{"line":4,"column":4},"end":{"line":4,"column":5}},"loc":{"start":{"line":4,"column":18},"end":{"line":6,"column":5}},"line":4}},"branchMap":{},"s":{"0":0,"1":0,"2":0},"f":{"0":0},"b":{}},"/home/simeon/Documents/kick-survey/app/controllers/exceptions/data-exceptions/null-email.js":{"path":"/home/simeon/Documents/kick-survey/app/controllers/exceptions/data-exceptions/null-email.js","statementMap":{"0":{"start":{"line":1,"column":18},"end":{"line":1,"column":41}},"1":{"start":{"line":5,"column":8},"end":{"line":5,"column":47}},"2":{"start":{"line":9,"column":0},"end":{"line":9,"column":27}}},"fnMap":{"0":{"name":"(anonymous_0)","decl":{"start":{"line":4,"column":4},"end":{"line":4,"column":5}},"loc":{"start":{"line":4,"column":18},"end":{"line":6,"column":5}},"line":4}},"branchMap":{},"s":{"0":0,"1":0,"2":0},"f":{"0":0},"b":{}},"/home/simeon/Documents/kick-survey/app/controllers/exceptions/data-exceptions/null-username.js":{"path":"/home/simeon/Documents/kick-survey/app/controllers/exceptions/data-exceptions/null-username.js","statementMap":{"0":{"start":{"line":1,"column":18},"end":{"line":1,"column":41}},"1":{"start":{"line":5,"column":8},"end":{"line":5,"column":50}},"2":{"start":{"line":9,"column":0},"end":{"line":9,"column":30}}},"fnMap":{"0":{"name":"(anonymous_0)","decl":{"start":{"line":4,"column":4},"end":{"line":4,"column":5}},"loc":{"start":{"line":4,"column":18},"end":{"line":6,"column":5}},"line":4}},"branchMap":{},"s":{"0":0,"1":0,"2":0},"f":{"0":0},"b":{}},"/home/simeon/Documents/kick-survey/app/controllers/exceptions/data-exceptions/short-password.js":{"path":"/home/simeon/Documents/kick-survey/app/controllers/exceptions/data-exceptions/short-password.js","statementMap":{"0":{"start":{"line":1,"column":18},"end":{"line":1,"column":41}},"1":{"start":{"line":5,"column":8},"end":{"line":5,"column":57}},"2":{"start":{"line":9,"column":0},"end":{"line":9,"column":31}}},"fnMap":{"0":{"name":"(anonymous_0)","decl":{"start":{"line":4,"column":4},"end":{"line":4,"column":5}},"loc":{"start":{"line":4,"column":18},"end":{"line":6,"column":5}},"line":4}},"branchMap":{},"s":{"0":0,"1":0,"2":0},"f":{"0":0},"b":{}},"/home/simeon/Documents/kick-survey/app/controllers/exceptions/data-exceptions/user-error.js":{"path":"/home/simeon/Documents/kick-survey/app/controllers/exceptions/data-exceptions/user-error.js","statementMap":{"0":{"start":{"line":3,"column":8},"end":{"line":3,"column":16}},"1":{"start":{"line":4,"column":8},"end":{"line":4,"column":31}},"2":{"start":{"line":5,"column":8},"end":{"line":5,"column":35}},"3":{"start":{"line":9,"column":8},"end":{"line":12,"column":10}},"4":{"start":{"line":16,"column":0},"end":{"line":16,"column":27}}},"fnMap":{"0":{"name":"(anonymous_0)","decl":{"start":{"line":2,"column":4},"end":{"line":2,"column":5}},"loc":{"start":{"line":2,"column":36},"end":{"line":6,"column":5}},"line":2},"1":{"name":"(anonymous_1)","decl":{"start":{"line":8,"column":4},"end":{"line":8,"column":5}},"loc":{"start":{"line":8,"column":15},"end":{"line":13,"column":5}},"line":8}},"branchMap":{},"s":{"0":0,"1":0,"2":0,"3":0,"4":0},"f":{"0":0,"1":0},"b":{}},"/home/simeon/Documents/kick-survey/app/controllers/exceptions/survey-exceptions/index.js":{"path":"/home/simeon/Documents/kick-survey/app/controllers/exceptions/survey-exceptions/index.js","statementMap":{"0":{"start":{"line":1,"column":23},"end":{"line":1,"column":52}},"1":{"start":{"line":3,"column":0},"end":{"line":5,"column":2}}},"fnMap":{},"branchMap":{},"s":{"0":0,"1":0},"f":{},"b":{}},"/home/simeon/Documents/kick-survey/app/controllers/exceptions/survey-exceptions/survey-error.js":{"path":"/home/simeon/Documents/kick-survey/app/controllers/exceptions/survey-exceptions/survey-error.js","statementMap":{"0":{"start":{"line":3,"column":8},"end":{"line":3,"column":16}},"1":{"start":{"line":4,"column":8},"end":{"line":4,"column":31}},"2":{"start":{"line":5,"column":8},"end":{"line":5,"column":35}},"3":{"start":{"line":9,"column":8},"end":{"line":12,"column":10}},"4":{"start":{"line":16,"column":0},"end":{"line":16,"column":29}}},"fnMap":{"0":{"name":"(anonymous_0)","decl":{"start":{"line":2,"column":4},"end":{"line":2,"column":5}},"loc":{"start":{"line":2,"column":36},"end":{"line":6,"column":5}},"line":2},"1":{"name":"(anonymous_1)","decl":{"start":{"line":8,"column":4},"end":{"line":8,"column":5}},"loc":{"start":{"line":8,"column":15},"end":{"line":13,"column":5}},"line":8}},"branchMap":{},"s":{"0":0,"1":0,"2":0,"3":0,"4":0},"f":{"0":0,"1":0},"b":{}},"/home/simeon/Documents/kick-survey/app/controllers/exceptions/survey-exceptions/survey-not-found.js":{"path":"/home/simeon/Documents/kick-survey/app/controllers/exceptions/survey-exceptions/survey-not-found.js","statementMap":{"0":{"start":{"line":1,"column":20},"end":{"line":1,"column":45}},"1":{"start":{"line":5,"column":8},"end":{"line":5,"column":38}},"2":{"start":{"line":9,"column":0},"end":{"line":9,"column":32}}},"fnMap":{"0":{"name":"(anonymous_0)","decl":{"start":{"line":4,"column":4},"end":{"line":4,"column":5}},"loc":{"start":{"line":4,"column":18},"end":{"line":6,"column":5}},"line":4}},"branchMap":{},"s":{"0":0,"1":0,"2":0},"f":{"0":0},"b":{}},"/home/simeon/Documents/kick-survey/app/controllers/submit-controller.js":{"path":"/home/simeon/Documents/kick-survey/app/controllers/submit-controller.js","statementMap":{"0":{"start":{"line":3,"column":8},"end":{"line":3,"column":25}},"1":{"start":{"line":16,"column":8},"end":{"line":18,"column":9}},"2":{"start":{"line":17,"column":12},"end":{"line":17,"column":46}},"3":{"start":{"line":20,"column":21},"end":{"line":20,"column":47}},"4":{"start":{"line":21,"column":28},"end":{"line":21,"column":57}},"5":{"start":{"line":23,"column":27},"end":{"line":24,"column":47}},"6":{"start":{"line":26,"column":8},"end":{"line":37,"column":11}},"7":{"start":{"line":27,"column":30},"end":{"line":34,"column":13}},"8":{"start":{"line":36,"column":12},"end":{"line":36,"column":62}},"9":{"start":{"line":38,"column":8},"end":{"line":38,"column":20}},"10":{"start":{"line":42,"column":8},"end":{"line":42,"column":66}},"11":{"start":{"line":46,"column":26},"end":{"line":46,"column":28}},"12":{"start":{"line":47,"column":8},"end":{"line":82,"column":11}},"13":{"start":{"line":48,"column":31},"end":{"line":49,"column":37}},"14":{"start":{"line":50,"column":33},"end":{"line":51,"column":67}},"15":{"start":{"line":53,"column":27},"end":{"line":53,"column":31}},"16":{"start":{"line":54,"column":25},"end":{"line":54,"column":29}},"17":{"start":{"line":56,"column":12},"end":{"line":74,"column":13}},"18":{"start":{"line":57,"column":16},"end":{"line":57,"column":32}},"19":{"start":{"line":58,"column":16},"end":{"line":58,"column":40}},"20":{"start":{"line":59,"column":19},"end":{"line":74,"column":13}},"21":{"start":{"line":60,"column":16},"end":{"line":60,"column":32}},"22":{"start":{"line":61,"column":16},"end":{"line":61,"column":40}},"23":{"start":{"line":62,"column":19},"end":{"line":74,"column":13}},"24":{"start":{"line":63,"column":16},"end":{"line":63,"column":42}},"25":{"start":{"line":64,"column":16},"end":{"line":64,"column":30}},"26":{"start":{"line":65,"column":19},"end":{"line":74,"column":13}},"27":{"start":{"line":66,"column":16},"end":{"line":66,"column":42}},"28":{"start":{"line":67,"column":16},"end":{"line":67,"column":30}},"29":{"start":{"line":68,"column":19},"end":{"line":74,"column":13}},"30":{"start":{"line":69,"column":16},"end":{"line":69,"column":32}},"31":{"start":{"line":70,"column":16},"end":{"line":70,"column":40}},"32":{"start":{"line":71,"column":19},"end":{"line":74,"column":13}},"33":{"start":{"line":72,"column":16},"end":{"line":72,"column":32}},"34":{"start":{"line":73,"column":16},"end":{"line":73,"column":40}},"35":{"start":{"line":76,"column":12},"end":{"line":81,"column":15}},"36":{"start":{"line":84,"column":23},"end":{"line":89,"column":9}},"37":{"start":{"line":91,"column":8},"end":{"line":91,"column":22}},"38":{"start":{"line":95,"column":19},"end":{"line":95,"column":70}},"39":{"start":{"line":96,"column":19},"end":{"line":97,"column":34}},"40":{"start":{"line":98,"column":21},"end":{"line":98,"column":40}},"41":{"start":{"line":99,"column":21},"end":{"line":100,"column":28}},"42":{"start":{"line":101,"column":24},"end":{"line":102,"column":30}},"43":{"start":{"line":103,"column":24},"end":{"line":104,"column":30}},"44":{"start":{"line":105,"column":29},"end":{"line":105,"column":52}},"45":{"start":{"line":107,"column":8},"end":{"line":108,"column":57}},"46":{"start":{"line":112,"column":0},"end":{"line":112,"column":34}}},"fnMap":{"0":{"name":"(anonymous_0)","decl":{"start":{"line":2,"column":4},"end":{"line":2,"column":5}},"loc":{"start":{"line":2,"column":22},"end":{"line":4,"column":5}},"line":2},"1":{"name":"(anonymous_1)","decl":{"start":{"line":15,"column":4},"end":{"line":15,"column":5}},"loc":{"start":{"line":15,"column":25},"end":{"line":39,"column":5}},"line":15},"2":{"name":"(anonymous_2)","decl":{"start":{"line":26,"column":27},"end":{"line":26,"column":28}},"loc":{"start":{"line":26,"column":51},"end":{"line":37,"column":9}},"line":26},"3":{"name":"(anonymous_3)","decl":{"start":{"line":41,"column":4},"end":{"line":41,"column":5}},"loc":{"start":{"line":41,"column":35},"end":{"line":43,"column":5}},"line":41},"4":{"name":"(anonymous_4)","decl":{"start":{"line":45,"column":4},"end":{"line":45,"column":5}},"loc":{"start":{"line":45,"column":24},"end":{"line":92,"column":5}},"line":45},"5":{"name":"(anonymous_5)","decl":{"start":{"line":47,"column":31},"end":{"line":47,"column":32}},"loc":{"start":{"line":47,"column":45},"end":{"line":82,"column":9}},"line":47},"6":{"name":"(anonymous_6)","decl":{"start":{"line":94,"column":4},"end":{"line":94,"column":5}},"loc":{"start":{"line":94,"column":24},"end":{"line":109,"column":5}},"line":94}},"branchMap":{"0":{"loc":{"start":{"line":16,"column":8},"end":{"line":18,"column":9}},"type":"if","locations":[{"start":{"line":16,"column":8},"end":{"line":18,"column":9}},{"start":{"line":16,"column":8},"end":{"line":18,"column":9}}],"line":16},"1":{"loc":{"start":{"line":16,"column":12},"end":{"line":16,"column":53}},"type":"binary-expr","locations":[{"start":{"line":16,"column":12},"end":{"line":16,"column":27}},{"start":{"line":16,"column":31},"end":{"line":16,"column":53}}],"line":16},"2":{"loc":{"start":{"line":56,"column":12},"end":{"line":74,"column":13}},"type":"if","locations":[{"start":{"line":56,"column":12},"end":{"line":74,"column":13}},{"start":{"line":56,"column":12},"end":{"line":74,"column":13}}],"line":56},"3":{"loc":{"start":{"line":59,"column":19},"end":{"line":74,"column":13}},"type":"if","locations":[{"start":{"line":59,"column":19},"end":{"line":74,"column":13}},{"start":{"line":59,"column":19},"end":{"line":74,"column":13}}],"line":59},"4":{"loc":{"start":{"line":62,"column":19},"end":{"line":74,"column":13}},"type":"if","locations":[{"start":{"line":62,"column":19},"end":{"line":74,"column":13}},{"start":{"line":62,"column":19},"end":{"line":74,"column":13}}],"line":62},"5":{"loc":{"start":{"line":65,"column":19},"end":{"line":74,"column":13}},"type":"if","locations":[{"start":{"line":65,"column":19},"end":{"line":74,"column":13}},{"start":{"line":65,"column":19},"end":{"line":74,"column":13}}],"line":65},"6":{"loc":{"start":{"line":68,"column":19},"end":{"line":74,"column":13}},"type":"if","locations":[{"start":{"line":68,"column":19},"end":{"line":74,"column":13}},{"start":{"line":68,"column":19},"end":{"line":74,"column":13}}],"line":68},"7":{"loc":{"start":{"line":71,"column":19},"end":{"line":74,"column":13}},"type":"if","locations":[{"start":{"line":71,"column":19},"end":{"line":74,"column":13}},{"start":{"line":71,"column":19},"end":{"line":74,"column":13}}],"line":71},"8":{"loc":{"start":{"line":95,"column":20},"end":{"line":95,"column":51}},"type":"cond-expr","locations":[{"start":{"line":95,"column":43},"end":{"line":95,"column":46}},{"start":{"line":95,"column":49},"end":{"line":95,"column":51}}],"line":95},"9":{"loc":{"start":{"line":96,"column":20},"end":{"line":96,"column":56}},"type":"cond-expr","locations":[{"start":{"line":96,"column":48},"end":{"line":96,"column":51}},{"start":{"line":96,"column":54},"end":{"line":96,"column":56}}],"line":96},"10":{"loc":{"start":{"line":99,"column":22},"end":{"line":99,"column":54}},"type":"cond-expr","locations":[{"start":{"line":99,"column":46},"end":{"line":99,"column":49}},{"start":{"line":99,"column":52},"end":{"line":99,"column":54}}],"line":99},"11":{"loc":{"start":{"line":101,"column":25},"end":{"line":101,"column":59}},"type":"cond-expr","locations":[{"start":{"line":101,"column":51},"end":{"line":101,"column":54}},{"start":{"line":101,"column":57},"end":{"line":101,"column":59}}],"line":101},"12":{"loc":{"start":{"line":103,"column":25},"end":{"line":103,"column":59}},"type":"cond-expr","locations":[{"start":{"line":103,"column":51},"end":{"line":103,"column":54}},{"start":{"line":103,"column":57},"end":{"line":103,"column":59}}],"line":103}},"s":{"0":0,"1":0,"2":0,"3":0,"4":0,"5":0,"6":0,"7":0,"8":0,"9":0,"10":0,"11":0,"12":0,"13":0,"14":0,"15":0,"16":0,"17":0,"18":0,"19":0,"20":0,"21":0,"22":0,"23":0,"24":0,"25":0,"26":0,"27":0,"28":0,"29":0,"30":0,"31":0,"32":0,"33":0,"34":0,"35":0,"36":0,"37":0,"38":0,"39":0,"40":0,"41":0,"42":0,"43":0,"44":0,"45":0,"46":0},"f":{"0":0,"1":0,"2":0,"3":0,"4":0,"5":0,"6":0},"b":{"0":[0,0],"1":[0,0],"2":[0,0],"3":[0,0],"4":[0,0],"5":[0,0],"6":[0,0],"7":[0,0],"8":[0,0],"9":[0,0],"10":[0,0],"11":[0,0],"12":[0,0]}},"/home/simeon/Documents/kick-survey/app/controllers/user-controller.js":{"path":"/home/simeon/Documents/kick-survey/app/controllers/user-controller.js","statementMap":{"0":{"start":{"line":1,"column":18},"end":{"line":1,"column":57}},"1":{"start":{"line":2,"column":15},"end":{"line":2,"column":51}},"2":{"start":{"line":6,"column":8},"end":{"line":6,"column":25}},"3":{"start":{"line":16,"column":23},"end":{"line":16,"column":27}},"4":{"start":{"line":17,"column":29},"end":{"line":17,"column":33}},"5":{"start":{"line":18,"column":23},"end":{"line":18,"column":27}},"6":{"start":{"line":19,"column":20},"end":{"line":19,"column":24}},"7":{"start":{"line":20,"column":29},"end":{"line":20,"column":41}},"8":{"start":{"line":21,"column":8},"end":{"line":60,"column":9}},"9":{"start":{"line":22,"column":12},"end":{"line":26,"column":13}},"10":{"start":{"line":23,"column":16},"end":{"line":23,"column":70}},"11":{"start":{"line":25,"column":16},"end":{"line":25,"column":26}},"12":{"start":{"line":27,"column":12},"end":{"line":32,"column":13}},"13":{"start":{"line":28,"column":16},"end":{"line":29,"column":75}},"14":{"start":{"line":31,"column":16},"end":{"line":31,"column":26}},"15":{"start":{"line":34,"column":12},"end":{"line":38,"column":13}},"16":{"start":{"line":35,"column":16},"end":{"line":35,"column":69}},"17":{"start":{"line":37,"column":16},"end":{"line":37,"column":26}},"18":{"start":{"line":40,"column":12},"end":{"line":44,"column":13}},"19":{"start":{"line":41,"column":16},"end":{"line":41,"column":65}},"20":{"start":{"line":43,"column":16},"end":{"line":43,"column":26}},"21":{"start":{"line":46,"column":30},"end":{"line":46,"column":44}},"22":{"start":{"line":47,"column":29},"end":{"line":47,"column":42}},"23":{"start":{"line":49,"column":31},"end":{"line":55,"column":13}},"24":{"start":{"line":57,"column":12},"end":{"line":57,"column":54}},"25":{"start":{"line":59,"column":12},"end":{"line":59,"column":22}},"26":{"start":{"line":70,"column":32},"end":{"line":70,"column":34}},"27":{"start":{"line":71,"column":8},"end":{"line":77,"column":9}},"28":{"start":{"line":72,"column":12},"end":{"line":74,"column":15}},"29":{"start":{"line":73,"column":16},"end":{"line":73,"column":53}},"30":{"start":{"line":76,"column":12},"end":{"line":76,"column":44}},"31":{"start":{"line":79,"column":24},"end":{"line":79,"column":58}},"32":{"start":{"line":80,"column":30},"end":{"line":80,"column":49}},"33":{"start":{"line":82,"column":8},"end":{"line":90,"column":9}},"34":{"start":{"line":83,"column":12},"end":{"line":83,"column":48}},"35":{"start":{"line":84,"column":15},"end":{"line":90,"column":9}},"36":{"start":{"line":85,"column":12},"end":{"line":85,"column":45}},"37":{"start":{"line":86,"column":15},"end":{"line":90,"column":9}},"38":{"start":{"line":87,"column":12},"end":{"line":87,"column":47}},"39":{"start":{"line":89,"column":12},"end":{"line":89,"column":25}},"40":{"start":{"line":101,"column":8},"end":{"line":105,"column":9}},"41":{"start":{"line":102,"column":12},"end":{"line":102,"column":68}},"42":{"start":{"line":104,"column":12},"end":{"line":104,"column":47}},"43":{"start":{"line":107,"column":8},"end":{"line":113,"column":9}},"44":{"start":{"line":108,"column":12},"end":{"line":108,"column":51}},"45":{"start":{"line":109,"column":15},"end":{"line":113,"column":9}},"46":{"start":{"line":110,"column":12},"end":{"line":110,"column":48}},"47":{"start":{"line":112,"column":12},"end":{"line":112,"column":28}},"48":{"start":{"line":124,"column":8},"end":{"line":130,"column":9}},"49":{"start":{"line":125,"column":12},"end":{"line":125,"column":55}},"50":{"start":{"line":126,"column":15},"end":{"line":130,"column":9}},"51":{"start":{"line":127,"column":12},"end":{"line":127,"column":48}},"52":{"start":{"line":129,"column":12},"end":{"line":129,"column":28}},"53":{"start":{"line":134,"column":0},"end":{"line":134,"column":32}}},"fnMap":{"0":{"name":"(anonymous_0)","decl":{"start":{"line":5,"column":4},"end":{"line":5,"column":5}},"loc":{"start":{"line":5,"column":22},"end":{"line":7,"column":5}},"line":5},"1":{"name":"(anonymous_1)","decl":{"start":{"line":15,"column":4},"end":{"line":15,"column":5}},"loc":{"start":{"line":15,"column":27},"end":{"line":61,"column":5}},"line":15},"2":{"name":"(anonymous_2)","decl":{"start":{"line":69,"column":4},"end":{"line":69,"column":5}},"loc":{"start":{"line":69,"column":35},"end":{"line":91,"column":5}},"line":69},"3":{"name":"(anonymous_3)","decl":{"start":{"line":72,"column":53},"end":{"line":72,"column":54}},"loc":{"start":{"line":72,"column":73},"end":{"line":74,"column":13}},"line":72},"4":{"name":"(anonymous_4)","decl":{"start":{"line":99,"column":4},"end":{"line":99,"column":5}},"loc":{"start":{"line":99,"column":37},"end":{"line":114,"column":5}},"line":99},"5":{"name":"(anonymous_5)","decl":{"start":{"line":123,"column":4},"end":{"line":123,"column":5}},"loc":{"start":{"line":123,"column":49},"end":{"line":131,"column":5}},"line":123}},"branchMap":{"0":{"loc":{"start":{"line":82,"column":8},"end":{"line":90,"column":9}},"type":"if","locations":[{"start":{"line":82,"column":8},"end":{"line":90,"column":9}},{"start":{"line":82,"column":8},"end":{"line":90,"column":9}}],"line":82},"1":{"loc":{"start":{"line":84,"column":15},"end":{"line":90,"column":9}},"type":"if","locations":[{"start":{"line":84,"column":15},"end":{"line":90,"column":9}},{"start":{"line":84,"column":15},"end":{"line":90,"column":9}}],"line":84},"2":{"loc":{"start":{"line":86,"column":15},"end":{"line":90,"column":9}},"type":"if","locations":[{"start":{"line":86,"column":15},"end":{"line":90,"column":9}},{"start":{"line":86,"column":15},"end":{"line":90,"column":9}}],"line":86},"3":{"loc":{"start":{"line":107,"column":8},"end":{"line":113,"column":9}},"type":"if","locations":[{"start":{"line":107,"column":8},"end":{"line":113,"column":9}},{"start":{"line":107,"column":8},"end":{"line":113,"column":9}}],"line":107},"4":{"loc":{"start":{"line":109,"column":15},"end":{"line":113,"column":9}},"type":"if","locations":[{"start":{"line":109,"column":15},"end":{"line":113,"column":9}},{"start":{"line":109,"column":15},"end":{"line":113,"column":9}}],"line":109},"5":{"loc":{"start":{"line":124,"column":8},"end":{"line":130,"column":9}},"type":"if","locations":[{"start":{"line":124,"column":8},"end":{"line":130,"column":9}},{"start":{"line":124,"column":8},"end":{"line":130,"column":9}}],"line":124},"6":{"loc":{"start":{"line":126,"column":15},"end":{"line":130,"column":9}},"type":"if","locations":[{"start":{"line":126,"column":15},"end":{"line":130,"column":9}},{"start":{"line":126,"column":15},"end":{"line":130,"column":9}}],"line":126}},"s":{"0":0,"1":0,"2":0,"3":0,"4":0,"5":0,"6":0,"7":0,"8":0,"9":0,"10":0,"11":0,"12":0,"13":0,"14":0,"15":0,"16":0,"17":0,"18":0,"19":0,"20":0,"21":0,"22":0,"23":0,"24":0,"25":0,"26":0,"27":0,"28":0,"29":0,"30":0,"31":0,"32":0,"33":0,"34":0,"35":0,"36":0,"37":0,"38":0,"39":0,"40":0,"41":0,"42":0,"43":0,"44":0,"45":0,"46":0,"47":0,"48":0,"49":0,"50":0,"51":0,"52":0,"53":0},"f":{"0":0,"1":0,"2":0,"3":0,"4":0,"5":0},"b":{"0":[0,0],"1":[0,0],"2":[0,0],"3":[0,0],"4":[0,0],"5":[0,0],"6":[0,0]}},"/home/simeon/Documents/kick-survey/app/data/answer-data.js":{"path":"/home/simeon/Documents/kick-survey/app/data/answer-data.js","statementMap":{"0":{"start":{"line":1,"column":13},"end":{"line":1,"column":38}},"1":{"start":{"line":4,"column":4},"end":{"line":4,"column":27}},"2":{"start":{"line":8,"column":8},"end":{"line":8,"column":22}},"3":{"start":{"line":12,"column":8},"end":{"line":16,"column":11}},"4":{"start":{"line":20,"column":0},"end":{"line":22,"column":2}}},"fnMap":{"0":{"name":"(anonymous_0)","decl":{"start":{"line":7,"column":4},"end":{"line":7,"column":5}},"loc":{"start":{"line":7,"column":18},"end":{"line":9,"column":5}},"line":7},"1":{"name":"(anonymous_1)","decl":{"start":{"line":11,"column":4},"end":{"line":11,"column":5}},"loc":{"start":{"line":11,"column":41},"end":{"line":17,"column":5}},"line":11}},"branchMap":{},"s":{"0":0,"1":0,"2":0,"3":0,"4":0},"f":{"0":0,"1":0},"b":{}},"/home/simeon/Documents/kick-survey/app/data/data-generic.js":{"path":"/home/simeon/Documents/kick-survey/app/data/data-generic.js","statementMap":{"0":{"start":{"line":3,"column":8},"end":{"line":3,"column":27}},"1":{"start":{"line":4,"column":8},"end":{"line":4,"column":33}},"2":{"start":{"line":7,"column":8},"end":{"line":7,"column":36}},"3":{"start":{"line":10,"column":8},"end":{"line":12,"column":11}},"4":{"start":{"line":15,"column":8},"end":{"line":17,"column":9}},"5":{"start":{"line":16,"column":12},"end":{"line":16,"column":46}},"6":{"start":{"line":18,"column":8},"end":{"line":18,"column":38}},"7":{"start":{"line":22,"column":0},"end":{"line":22,"column":22}}},"fnMap":{"0":{"name":"(anonymous_0)","decl":{"start":{"line":2,"column":4},"end":{"line":2,"column":5}},"loc":{"start":{"line":2,"column":38},"end":{"line":5,"column":5}},"line":2},"1":{"name":"(anonymous_1)","decl":{"start":{"line":6,"column":4},"end":{"line":6,"column":5}},"loc":{"start":{"line":6,"column":13},"end":{"line":8,"column":5}},"line":6},"2":{"name":"(anonymous_2)","decl":{"start":{"line":9,"column":4},"end":{"line":9,"column":5}},"loc":{"start":{"line":9,"column":16},"end":{"line":13,"column":5}},"line":9},"3":{"name":"(anonymous_3)","decl":{"start":{"line":14,"column":4},"end":{"line":14,"column":5}},"loc":{"start":{"line":14,"column":16},"end":{"line":19,"column":5}},"line":14}},"branchMap":{"0":{"loc":{"start":{"line":2,"column":23},"end":{"line":2,"column":36}},"type":"default-arg","locations":[{"start":{"line":2,"column":34},"end":{"line":2,"column":36}}],"line":2},"1":{"loc":{"start":{"line":15,"column":8},"end":{"line":17,"column":9}},"type":"if","locations":[{"start":{"line":15,"column":8},"end":{"line":17,"column":9}},{"start":{"line":15,"column":8},"end":{"line":17,"column":9}}],"line":15},"2":{"loc":{"start":{"line":15,"column":12},"end":{"line":15,"column":54}},"type":"binary-expr","locations":[{"start":{"line":15,"column":12},"end":{"line":15,"column":24}},{"start":{"line":15,"column":28},"end":{"line":15,"column":54}}],"line":15}},"s":{"0":0,"1":0,"2":0,"3":0,"4":0,"5":0,"6":0,"7":0},"f":{"0":0,"1":0,"2":0,"3":0},"b":{"0":[0],"1":[0,0],"2":[0,0]}},"/home/simeon/Documents/kick-survey/app/data/data.js":{"path":"/home/simeon/Documents/kick-survey/app/data/data.js","statementMap":{"0":{"start":{"line":4,"column":4},"end":{"line":4,"column":27}},"1":{"start":{"line":6,"column":13},"end":{"line":6,"column":38}},"2":{"start":{"line":10,"column":4},"end":{"line":10,"column":27}},"3":{"start":{"line":13,"column":4},"end":{"line":13,"column":28}},"4":{"start":{"line":16,"column":4},"end":{"line":16,"column":30}},"5":{"start":{"line":19,"column":4},"end":{"line":19,"column":28}},"6":{"start":{"line":22,"column":4},"end":{"line":22,"column":37}},"7":{"start":{"line":24,"column":0},"end":{"line":32,"column":2}}},"fnMap":{},"branchMap":{},"s":{"0":0,"1":0,"2":0,"3":0,"4":0,"5":0,"6":0,"7":0},"f":{},"b":{}},"/home/simeon/Documents/kick-survey/app/data/index.js":{"path":"/home/simeon/Documents/kick-survey/app/data/index.js","statementMap":{"0":{"start":{"line":1,"column":0},"end":{"line":1,"column":35}}},"fnMap":{},"branchMap":{},"s":{"0":0},"f":{},"b":{}},"/home/simeon/Documents/kick-survey/app/data/initial-insert.js":{"path":"/home/simeon/Documents/kick-survey/app/data/initial-insert.js","statementMap":{"0":{"start":{"line":8,"column":4},"end":{"line":8,"column":27}},"1":{"start":{"line":12,"column":4},"end":{"line":12,"column":27}},"2":{"start":{"line":14,"column":18},"end":{"line":30,"column":1}},"3":{"start":{"line":15,"column":4},"end":{"line":17,"column":7}},"4":{"start":{"line":18,"column":4},"end":{"line":20,"column":7}},"5":{"start":{"line":21,"column":4},"end":{"line":23,"column":7}},"6":{"start":{"line":24,"column":4},"end":{"line":26,"column":7}},"7":{"start":{"line":27,"column":4},"end":{"line":29,"column":7}},"8":{"start":{"line":31,"column":21},"end":{"line":156,"column":1}},"9":{"start":{"line":32,"column":4},"end":{"line":32,"column":22}},"10":{"start":{"line":34,"column":17},"end":{"line":40,"column":5}},"11":{"start":{"line":41,"column":24},"end":{"line":44,"column":5}},"12":{"start":{"line":45,"column":24},"end":{"line":48,"column":5}},"13":{"start":{"line":49,"column":22},"end":{"line":54,"column":5}},"14":{"start":{"line":55,"column":22},"end":{"line":60,"column":5}},"15":{"start":{"line":61,"column":22},"end":{"line":66,"column":5}},"16":{"start":{"line":67,"column":22},"end":{"line":72,"column":5}},"17":{"start":{"line":73,"column":22},"end":{"line":78,"column":5}},"18":{"start":{"line":79,"column":22},"end":{"line":84,"column":5}},"19":{"start":{"line":86,"column":21},"end":{"line":88,"column":5}},"20":{"start":{"line":89,"column":21},"end":{"line":91,"column":5}},"21":{"start":{"line":92,"column":21},"end":{"line":94,"column":5}},"22":{"start":{"line":95,"column":21},"end":{"line":97,"column":5}},"23":{"start":{"line":98,"column":21},"end":{"line":100,"column":5}},"24":{"start":{"line":101,"column":21},"end":{"line":103,"column":5}},"25":{"start":{"line":104,"column":21},"end":{"line":106,"column":5}},"26":{"start":{"line":107,"column":21},"end":{"line":109,"column":5}},"27":{"start":{"line":111,"column":4},"end":{"line":113,"column":7}},"28":{"start":{"line":112,"column":8},"end":{"line":112,"column":32}},"29":{"start":{"line":114,"column":4},"end":{"line":116,"column":7}},"30":{"start":{"line":115,"column":8},"end":{"line":115,"column":40}},"31":{"start":{"line":117,"column":22},"end":{"line":117,"column":45}},"32":{"start":{"line":119,"column":29},"end":{"line":119,"column":61}},"33":{"start":{"line":120,"column":29},"end":{"line":120,"column":61}},"34":{"start":{"line":122,"column":4},"end":{"line":122,"column":40}},"35":{"start":{"line":123,"column":4},"end":{"line":123,"column":40}},"36":{"start":{"line":125,"column":26},"end":{"line":125,"column":58}},"37":{"start":{"line":126,"column":26},"end":{"line":126,"column":58}},"38":{"start":{"line":127,"column":26},"end":{"line":127,"column":58}},"39":{"start":{"line":128,"column":26},"end":{"line":128,"column":58}},"40":{"start":{"line":129,"column":26},"end":{"line":129,"column":58}},"41":{"start":{"line":130,"column":26},"end":{"line":130,"column":58}},"42":{"start":{"line":132,"column":4},"end":{"line":132,"column":46}},"43":{"start":{"line":133,"column":4},"end":{"line":133,"column":46}},"44":{"start":{"line":134,"column":4},"end":{"line":134,"column":46}},"45":{"start":{"line":135,"column":4},"end":{"line":135,"column":46}},"46":{"start":{"line":136,"column":4},"end":{"line":136,"column":46}},"47":{"start":{"line":137,"column":4},"end":{"line":137,"column":46}},"48":{"start":{"line":139,"column":27},"end":{"line":139,"column":56}},"49":{"start":{"line":140,"column":27},"end":{"line":140,"column":56}},"50":{"start":{"line":141,"column":27},"end":{"line":141,"column":56}},"51":{"start":{"line":142,"column":27},"end":{"line":142,"column":56}},"52":{"start":{"line":143,"column":27},"end":{"line":143,"column":56}},"53":{"start":{"line":144,"column":27},"end":{"line":144,"column":56}},"54":{"start":{"line":145,"column":27},"end":{"line":145,"column":56}},"55":{"start":{"line":146,"column":27},"end":{"line":146,"column":56}},"56":{"start":{"line":148,"column":4},"end":{"line":148,"column":46}},"57":{"start":{"line":149,"column":4},"end":{"line":149,"column":46}},"58":{"start":{"line":150,"column":4},"end":{"line":150,"column":46}},"59":{"start":{"line":151,"column":4},"end":{"line":151,"column":46}},"60":{"start":{"line":152,"column":4},"end":{"line":152,"column":46}},"61":{"start":{"line":153,"column":4},"end":{"line":153,"column":46}},"62":{"start":{"line":154,"column":4},"end":{"line":154,"column":46}},"63":{"start":{"line":155,"column":4},"end":{"line":155,"column":46}},"64":{"start":{"line":158,"column":0},"end":{"line":203,"column":3}},"65":{"start":{"line":159,"column":19},"end":{"line":168,"column":5}},"66":{"start":{"line":160,"column":8},"end":{"line":167,"column":11}},"67":{"start":{"line":170,"column":4},"end":{"line":202,"column":7}},"68":{"start":{"line":171,"column":8},"end":{"line":201,"column":11}},"69":{"start":{"line":172,"column":26},"end":{"line":172,"column":35}},"70":{"start":{"line":174,"column":22},"end":{"line":181,"column":14}},"71":{"start":{"line":183,"column":12},"end":{"line":200,"column":15}},"72":{"start":{"line":184,"column":28},"end":{"line":184,"column":39}},"73":{"start":{"line":185,"column":26},"end":{"line":192,"column":18}},"74":{"start":{"line":193,"column":16},"end":{"line":193,"column":44}},"75":{"start":{"line":194,"column":16},"end":{"line":194,"column":59}},"76":{"start":{"line":195,"column":16},"end":{"line":195,"column":44}},"77":{"start":{"line":196,"column":16},"end":{"line":196,"column":60}},"78":{"start":{"line":197,"column":16},"end":{"line":199,"column":19}},"79":{"start":{"line":198,"column":20},"end":{"line":198,"column":69}}},"fnMap":{"0":{"name":"(anonymous_0)","decl":{"start":{"line":14,"column":18},"end":{"line":14,"column":19}},"loc":{"start":{"line":14,"column":30},"end":{"line":30,"column":1}},"line":14},"1":{"name":"(anonymous_1)","decl":{"start":{"line":31,"column":21},"end":{"line":31,"column":22}},"loc":{"start":{"line":31,"column":33},"end":{"line":156,"column":1}},"line":31},"2":{"name":"(anonymous_2)","decl":{"start":{"line":111,"column":19},"end":{"line":111,"column":20}},"loc":{"start":{"line":111,"column":35},"end":{"line":113,"column":5}},"line":111},"3":{"name":"(anonymous_3)","decl":{"start":{"line":114,"column":24},"end":{"line":114,"column":25}},"loc":{"start":{"line":114,"column":44},"end":{"line":116,"column":5}},"line":114},"4":{"name":"(anonymous_4)","decl":{"start":{"line":158,"column":20},"end":{"line":158,"column":21}},"loc":{"start":{"line":158,"column":26},"end":{"line":203,"column":1}},"line":158},"5":{"name":"(anonymous_5)","decl":{"start":{"line":159,"column":19},"end":{"line":159,"column":20}},"loc":{"start":{"line":159,"column":31},"end":{"line":168,"column":5}},"line":159},"6":{"name":"(anonymous_6)","decl":{"start":{"line":170,"column":18},"end":{"line":170,"column":19}},"loc":{"start":{"line":170,"column":27},"end":{"line":202,"column":5}},"line":170},"7":{"name":"(anonymous_7)","decl":{"start":{"line":171,"column":16},"end":{"line":171,"column":17}},"loc":{"start":{"line":171,"column":34},"end":{"line":201,"column":9}},"line":171},"8":{"name":"(anonymous_8)","decl":{"start":{"line":183,"column":18},"end":{"line":183,"column":19}},"loc":{"start":{"line":183,"column":38},"end":{"line":200,"column":13}},"line":183},"9":{"name":"(anonymous_9)","decl":{"start":{"line":197,"column":22},"end":{"line":197,"column":23}},"loc":{"start":{"line":197,"column":34},"end":{"line":199,"column":17}},"line":197}},"branchMap":{},"s":{"0":0,"1":0,"2":0,"3":0,"4":0,"5":0,"6":0,"7":0,"8":0,"9":0,"10":0,"11":0,"12":0,"13":0,"14":0,"15":0,"16":0,"17":0,"18":0,"19":0,"20":0,"21":0,"22":0,"23":0,"24":0,"25":0,"26":0,"27":0,"28":0,"29":0,"30":0,"31":0,"32":0,"33":0,"34":0,"35":0,"36":0,"37":0,"38":0,"39":0,"40":0,"41":0,"42":0,"43":0,"44":0,"45":0,"46":0,"47":0,"48":0,"49":0,"50":0,"51":0,"52":0,"53":0,"54":0,"55":0,"56":0,"57":0,"58":0,"59":0,"60":0,"61":0,"62":0,"63":0,"64":0,"65":0,"66":0,"67":0,"68":0,"69":0,"70":0,"71":0,"72":0,"73":0,"74":0,"75":0,"76":0,"77":0,"78":0,"79":0},"f":{"0":0,"1":0,"2":0,"3":0,"4":0,"5":0,"6":0,"7":0,"8":0,"9":0},"b":{}},"/home/simeon/Documents/kick-survey/app/data/predefined.js":{"path":"/home/simeon/Documents/kick-survey/app/data/predefined.js","statementMap":{"0":{"start":{"line":1,"column":13},"end":{"line":42,"column":1}},"1":{"start":{"line":44,"column":0},"end":{"line":46,"column":2}}},"fnMap":{},"branchMap":{},"s":{"0":0,"1":0},"f":{},"b":{}},"/home/simeon/Documents/kick-survey/app/data/question-data.js":{"path":"/home/simeon/Documents/kick-survey/app/data/question-data.js","statementMap":{"0":{"start":{"line":1,"column":13},"end":{"line":1,"column":38}},"1":{"start":{"line":5,"column":4},"end":{"line":5,"column":27}},"2":{"start":{"line":9,"column":8},"end":{"line":9,"column":24}},"3":{"start":{"line":13,"column":8},"end":{"line":18,"column":11}},"4":{"start":{"line":22,"column":0},"end":{"line":24,"column":2}}},"fnMap":{"0":{"name":"(anonymous_0)","decl":{"start":{"line":8,"column":4},"end":{"line":8,"column":5}},"loc":{"start":{"line":8,"column":18},"end":{"line":10,"column":5}},"line":8},"1":{"name":"(anonymous_1)","decl":{"start":{"line":12,"column":4},"end":{"line":12,"column":5}},"loc":{"start":{"line":12,"column":39},"end":{"line":19,"column":5}},"line":12}},"branchMap":{},"s":{"0":0,"1":0,"2":0,"3":0,"4":0},"f":{"0":0,"1":0},"b":{}},"/home/simeon/Documents/kick-survey/app/data/submittedAnswer-data.js":{"path":"/home/simeon/Documents/kick-survey/app/data/submittedAnswer-data.js","statementMap":{"0":{"start":{"line":1,"column":13},"end":{"line":1,"column":38}},"1":{"start":{"line":4,"column":4},"end":{"line":4,"column":27}},"2":{"start":{"line":8,"column":8},"end":{"line":8,"column":31}},"3":{"start":{"line":12,"column":8},"end":{"line":16,"column":11}},"4":{"start":{"line":19,"column":8},"end":{"line":21,"column":11}},"5":{"start":{"line":25,"column":0},"end":{"line":27,"column":2}}},"fnMap":{"0":{"name":"(anonymous_0)","decl":{"start":{"line":7,"column":4},"end":{"line":7,"column":5}},"loc":{"start":{"line":7,"column":18},"end":{"line":9,"column":5}},"line":7},"1":{"name":"(anonymous_1)","decl":{"start":{"line":11,"column":4},"end":{"line":11,"column":5}},"loc":{"start":{"line":11,"column":27},"end":{"line":17,"column":5}},"line":11},"2":{"name":"(anonymous_2)","decl":{"start":{"line":18,"column":4},"end":{"line":18,"column":5}},"loc":{"start":{"line":18,"column":26},"end":{"line":22,"column":5}},"line":18}},"branchMap":{},"s":{"0":0,"1":0,"2":0,"3":0,"4":0,"5":0},"f":{"0":0,"1":0,"2":0},"b":{}},"/home/simeon/Documents/kick-survey/app/data/survey-data.js":{"path":"/home/simeon/Documents/kick-survey/app/data/survey-data.js","statementMap":{"0":{"start":{"line":1,"column":13},"end":{"line":1,"column":38}},"1":{"start":{"line":5,"column":4},"end":{"line":5,"column":27}},"2":{"start":{"line":9,"column":8},"end":{"line":9,"column":22}},"3":{"start":{"line":13,"column":8},"end":{"line":18,"column":11}},"4":{"start":{"line":22,"column":8},"end":{"line":28,"column":11}},"5":{"start":{"line":32,"column":0},"end":{"line":34,"column":2}}},"fnMap":{"0":{"name":"(anonymous_0)","decl":{"start":{"line":8,"column":4},"end":{"line":8,"column":5}},"loc":{"start":{"line":8,"column":18},"end":{"line":10,"column":5}},"line":8},"1":{"name":"(anonymous_1)","decl":{"start":{"line":12,"column":4},"end":{"line":12,"column":5}},"loc":{"start":{"line":12,"column":33},"end":{"line":19,"column":5}},"line":12},"2":{"name":"(anonymous_2)","decl":{"start":{"line":21,"column":4},"end":{"line":21,"column":5}},"loc":{"start":{"line":21,"column":34},"end":{"line":29,"column":5}},"line":21}},"branchMap":{},"s":{"0":0,"1":0,"2":0,"3":0,"4":0,"5":0},"f":{"0":0,"1":0,"2":0},"b":{}},"/home/simeon/Documents/kick-survey/app/data/users-data.js":{"path":"/home/simeon/Documents/kick-survey/app/data/users-data.js","statementMap":{"0":{"start":{"line":1,"column":13},"end":{"line":1,"column":38}},"1":{"start":{"line":4,"column":4},"end":{"line":4,"column":27}},"2":{"start":{"line":8,"column":8},"end":{"line":8,"column":20}},"3":{"start":{"line":12,"column":8},"end":{"line":16,"column":11}},"4":{"start":{"line":19,"column":8},"end":{"line":21,"column":11}},"5":{"start":{"line":24,"column":8},"end":{"line":26,"column":11}},"6":{"start":{"line":30,"column":0},"end":{"line":32,"column":2}}},"fnMap":{"0":{"name":"(anonymous_0)","decl":{"start":{"line":7,"column":4},"end":{"line":7,"column":5}},"loc":{"start":{"line":7,"column":18},"end":{"line":9,"column":5}},"line":7},"1":{"name":"(anonymous_1)","decl":{"start":{"line":11,"column":4},"end":{"line":11,"column":5}},"loc":{"start":{"line":11,"column":29},"end":{"line":17,"column":5}},"line":11},"2":{"name":"(anonymous_2)","decl":{"start":{"line":18,"column":4},"end":{"line":18,"column":5}},"loc":{"start":{"line":18,"column":22},"end":{"line":22,"column":5}},"line":18},"3":{"name":"(anonymous_3)","decl":{"start":{"line":23,"column":4},"end":{"line":23,"column":5}},"loc":{"start":{"line":23,"column":19},"end":{"line":27,"column":5}},"line":23}},"branchMap":{},"s":{"0":0,"1":0,"2":0,"3":0,"4":0,"5":0,"6":0},"f":{"0":0,"1":0,"2":0,"3":0},"b":{}},"/home/simeon/Documents/kick-survey/app/db/migrations/1-noname.js":{"path":"/home/simeon/Documents/kick-survey/app/db/migrations/1-noname.js","statementMap":{"0":{"start":{"line":3,"column":16},"end":{"line":3,"column":36}},"1":{"start":{"line":18,"column":11},"end":{"line":23,"column":1}},"2":{"start":{"line":25,"column":24},"end":{"line":334,"column":1}},"3":{"start":{"line":336,"column":0},"end":{"line":357,"column":2}},"4":{"start":{"line":340,"column":20},"end":{"line":340,"column":28}},"5":{"start":{"line":341,"column":8},"end":{"line":354,"column":11}},"6":{"start":{"line":343,"column":16},"end":{"line":351,"column":30}},"7":{"start":{"line":345,"column":34},"end":{"line":345,"column":58}},"8":{"start":{"line":346,"column":20},"end":{"line":346,"column":71}},"9":{"start":{"line":347,"column":20},"end":{"line":347,"column":28}},"10":{"start":{"line":348,"column":20},"end":{"line":348,"column":104}},"11":{"start":{"line":351,"column":20},"end":{"line":351,"column":30}},"12":{"start":{"line":353,"column":12},"end":{"line":353,"column":19}}},"fnMap":{"0":{"name":"(anonymous_0)","decl":{"start":{"line":338,"column":8},"end":{"line":338,"column":9}},"loc":{"start":{"line":339,"column":4},"end":{"line":355,"column":5}},"line":339},"1":{"name":"(anonymous_1)","decl":{"start":{"line":341,"column":27},"end":{"line":341,"column":28}},"loc":{"start":{"line":341,"column":53},"end":{"line":354,"column":9}},"line":341},"2":{"name":"next","decl":{"start":{"line":342,"column":21},"end":{"line":342,"column":25}},"loc":{"start":{"line":342,"column":28},"end":{"line":352,"column":13}},"line":342}},"branchMap":{"0":{"loc":{"start":{"line":343,"column":16},"end":{"line":351,"column":30}},"type":"if","locations":[{"start":{"line":343,"column":16},"end":{"line":351,"column":30}},{"start":{"line":343,"column":16},"end":{"line":351,"column":30}}],"line":343}},"s":{"0":0,"1":0,"2":0,"3":0,"4":0,"5":0,"6":0,"7":0,"8":0,"9":0,"10":0,"11":0,"12":0},"f":{"0":0,"1":0,"2":0},"b":{"0":[0,0]}},"/home/simeon/Documents/kick-survey/app/db/models/answer.js":{"path":"/home/simeon/Documents/kick-survey/app/db/models/answer.js","statementMap":{"0":{"start":{"line":2,"column":0},"end":{"line":22,"column":2}},"1":{"start":{"line":3,"column":17},"end":{"line":11,"column":8}},"2":{"start":{"line":12,"column":2},"end":{"line":20,"column":4}},"3":{"start":{"line":15,"column":8},"end":{"line":15,"column":14}},"4":{"start":{"line":16,"column":4},"end":{"line":19,"column":7}},"5":{"start":{"line":21,"column":2},"end":{"line":21,"column":16}}},"fnMap":{"0":{"name":"(anonymous_0)","decl":{"start":{"line":2,"column":17},"end":{"line":2,"column":18}},"loc":{"start":{"line":2,"column":43},"end":{"line":22,"column":1}},"line":2},"1":{"name":"(anonymous_1)","decl":{"start":{"line":12,"column":21},"end":{"line":12,"column":22}},"loc":{"start":{"line":12,"column":33},"end":{"line":20,"column":3}},"line":12}},"branchMap":{},"s":{"0":0,"1":0,"2":0,"3":0,"4":0,"5":0},"f":{"0":0,"1":0},"b":{}},"/home/simeon/Documents/kick-survey/app/db/models/category.js":{"path":"/home/simeon/Documents/kick-survey/app/db/models/category.js","statementMap":{"0":{"start":{"line":2,"column":0},"end":{"line":13,"column":2}},"1":{"start":{"line":3,"column":19},"end":{"line":8,"column":8}},"2":{"start":{"line":9,"column":2},"end":{"line":11,"column":4}},"3":{"start":{"line":12,"column":2},"end":{"line":12,"column":18}}},"fnMap":{"0":{"name":"(anonymous_0)","decl":{"start":{"line":2,"column":17},"end":{"line":2,"column":18}},"loc":{"start":{"line":2,"column":43},"end":{"line":13,"column":1}},"line":2},"1":{"name":"(anonymous_1)","decl":{"start":{"line":9,"column":23},"end":{"line":9,"column":24}},"loc":{"start":{"line":9,"column":35},"end":{"line":11,"column":3}},"line":9}},"branchMap":{},"s":{"0":0,"1":0,"2":0,"3":0},"f":{"0":0,"1":0},"b":{}},"/home/simeon/Documents/kick-survey/app/db/models/index.js":{"path":"/home/simeon/Documents/kick-survey/app/db/models/index.js","statementMap":{"0":{"start":{"line":3,"column":16},"end":{"line":3,"column":29}},"1":{"start":{"line":4,"column":16},"end":{"line":4,"column":31}},"2":{"start":{"line":5,"column":16},"end":{"line":5,"column":36}},"3":{"start":{"line":6,"column":16},"end":{"line":6,"column":41}},"4":{"start":{"line":7,"column":16},"end":{"line":7,"column":53}},"5":{"start":{"line":8,"column":16},"end":{"line":8,"column":66}},"6":{"start":{"line":9,"column":16},"end":{"line":9,"column":18}},"7":{"start":{"line":11,"column":0},"end":{"line":15,"column":1}},"8":{"start":{"line":12,"column":18},"end":{"line":12,"column":77}},"9":{"start":{"line":14,"column":18},"end":{"line":14,"column":90}},"10":{"start":{"line":17,"column":0},"end":{"line":25,"column":5}},"11":{"start":{"line":20,"column":4},"end":{"line":20,"column":90}},"12":{"start":{"line":23,"column":16},"end":{"line":23,"column":63}},"13":{"start":{"line":24,"column":4},"end":{"line":24,"column":27}},"14":{"start":{"line":27,"column":0},"end":{"line":31,"column":3}},"15":{"start":{"line":28,"column":2},"end":{"line":30,"column":3}},"16":{"start":{"line":29,"column":4},"end":{"line":29,"column":32}},"17":{"start":{"line":33,"column":0},"end":{"line":33,"column":25}},"18":{"start":{"line":34,"column":0},"end":{"line":34,"column":25}},"19":{"start":{"line":36,"column":0},"end":{"line":36,"column":20}}},"fnMap":{"0":{"name":"(anonymous_0)","decl":{"start":{"line":19,"column":10},"end":{"line":19,"column":11}},"loc":{"start":{"line":19,"column":18},"end":{"line":21,"column":3}},"line":19},"1":{"name":"(anonymous_1)","decl":{"start":{"line":22,"column":11},"end":{"line":22,"column":12}},"loc":{"start":{"line":22,"column":19},"end":{"line":25,"column":3}},"line":22},"2":{"name":"(anonymous_2)","decl":{"start":{"line":27,"column":24},"end":{"line":27,"column":25}},"loc":{"start":{"line":27,"column":37},"end":{"line":31,"column":1}},"line":27}},"branchMap":{"0":{"loc":{"start":{"line":7,"column":16},"end":{"line":7,"column":53}},"type":"binary-expr","locations":[{"start":{"line":7,"column":16},"end":{"line":7,"column":36}},{"start":{"line":7,"column":40},"end":{"line":7,"column":53}}],"line":7},"1":{"loc":{"start":{"line":11,"column":0},"end":{"line":15,"column":1}},"type":"if","locations":[{"start":{"line":11,"column":0},"end":{"line":15,"column":1}},{"start":{"line":11,"column":0},"end":{"line":15,"column":1}}],"line":11},"2":{"loc":{"start":{"line":20,"column":11},"end":{"line":20,"column":89}},"type":"binary-expr","locations":[{"start":{"line":20,"column":12},"end":{"line":20,"column":35}},{"start":{"line":20,"column":41},"end":{"line":20,"column":58}},{"start":{"line":20,"column":64},"end":{"line":20,"column":88}}],"line":20},"3":{"loc":{"start":{"line":28,"column":2},"end":{"line":30,"column":3}},"type":"if","locations":[{"start":{"line":28,"column":2},"end":{"line":30,"column":3}},{"start":{"line":28,"column":2},"end":{"line":30,"column":3}}],"line":28}},"s":{"0":0,"1":0,"2":0,"3":0,"4":0,"5":0,"6":0,"7":0,"8":0,"9":0,"10":0,"11":0,"12":0,"13":0,"14":0,"15":0,"16":0,"17":0,"18":0,"19":0},"f":{"0":0,"1":0,"2":0},"b":{"0":[0,0],"1":[0,0],"2":[0,0,0],"3":[0,0]}},"/home/simeon/Documents/kick-survey/app/db/models/question.js":{"path":"/home/simeon/Documents/kick-survey/app/db/models/question.js","statementMap":{"0":{"start":{"line":2,"column":0},"end":{"line":36,"column":2}},"1":{"start":{"line":3,"column":19},"end":{"line":19,"column":8}},"2":{"start":{"line":20,"column":2},"end":{"line":34,"column":4}},"3":{"start":{"line":25,"column":8},"end":{"line":25,"column":14}},"4":{"start":{"line":26,"column":4},"end":{"line":29,"column":7}},"5":{"start":{"line":30,"column":4},"end":{"line":33,"column":7}},"6":{"start":{"line":35,"column":2},"end":{"line":35,"column":18}}},"fnMap":{"0":{"name":"(anonymous_0)","decl":{"start":{"line":2,"column":17},"end":{"line":2,"column":18}},"loc":{"start":{"line":2,"column":43},"end":{"line":36,"column":1}},"line":2},"1":{"name":"(anonymous_1)","decl":{"start":{"line":20,"column":23},"end":{"line":20,"column":24}},"loc":{"start":{"line":20,"column":35},"end":{"line":34,"column":3}},"line":20}},"branchMap":{},"s":{"0":0,"1":0,"2":0,"3":0,"4":0,"5":0,"6":0},"f":{"0":0,"1":0},"b":{}},"/home/simeon/Documents/kick-survey/app/db/models/submitted-answer.js":{"path":"/home/simeon/Documents/kick-survey/app/db/models/submitted-answer.js","statementMap":{"0":{"start":{"line":2,"column":0},"end":{"line":55,"column":2}},"1":{"start":{"line":3,"column":28},"end":{"line":28,"column":10}},"2":{"start":{"line":29,"column":4},"end":{"line":53,"column":6}},"3":{"start":{"line":36,"column":12},"end":{"line":36,"column":18}},"4":{"start":{"line":37,"column":8},"end":{"line":40,"column":11}},"5":{"start":{"line":41,"column":8},"end":{"line":44,"column":11}},"6":{"start":{"line":45,"column":8},"end":{"line":48,"column":11}},"7":{"start":{"line":49,"column":8},"end":{"line":52,"column":11}},"8":{"start":{"line":54,"column":4},"end":{"line":54,"column":27}}},"fnMap":{"0":{"name":"(anonymous_0)","decl":{"start":{"line":2,"column":17},"end":{"line":2,"column":18}},"loc":{"start":{"line":2,"column":43},"end":{"line":55,"column":1}},"line":2},"1":{"name":"(anonymous_1)","decl":{"start":{"line":29,"column":32},"end":{"line":29,"column":33}},"loc":{"start":{"line":29,"column":44},"end":{"line":53,"column":5}},"line":29}},"branchMap":{},"s":{"0":0,"1":0,"2":0,"3":0,"4":0,"5":0,"6":0,"7":0,"8":0},"f":{"0":0,"1":0},"b":{}},"/home/simeon/Documents/kick-survey/app/db/models/survey.js":{"path":"/home/simeon/Documents/kick-survey/app/db/models/survey.js","statementMap":{"0":{"start":{"line":2,"column":0},"end":{"line":24,"column":2}},"1":{"start":{"line":3,"column":17},"end":{"line":8,"column":8}},"2":{"start":{"line":9,"column":2},"end":{"line":22,"column":4}},"3":{"start":{"line":13,"column":8},"end":{"line":13,"column":14}},"4":{"start":{"line":14,"column":4},"end":{"line":17,"column":7}},"5":{"start":{"line":18,"column":4},"end":{"line":21,"column":7}},"6":{"start":{"line":23,"column":2},"end":{"line":23,"column":16}}},"fnMap":{"0":{"name":"(anonymous_0)","decl":{"start":{"line":2,"column":17},"end":{"line":2,"column":18}},"loc":{"start":{"line":2,"column":43},"end":{"line":24,"column":1}},"line":2},"1":{"name":"(anonymous_1)","decl":{"start":{"line":9,"column":21},"end":{"line":9,"column":22}},"loc":{"start":{"line":9,"column":33},"end":{"line":22,"column":3}},"line":9}},"branchMap":{},"s":{"0":0,"1":0,"2":0,"3":0,"4":0,"5":0,"6":0},"f":{"0":0,"1":0},"b":{}},"/home/simeon/Documents/kick-survey/app/db/models/type.js":{"path":"/home/simeon/Documents/kick-survey/app/db/models/type.js","statementMap":{"0":{"start":{"line":2,"column":0},"end":{"line":13,"column":2}},"1":{"start":{"line":3,"column":15},"end":{"line":8,"column":8}},"2":{"start":{"line":9,"column":2},"end":{"line":11,"column":4}},"3":{"start":{"line":12,"column":2},"end":{"line":12,"column":14}}},"fnMap":{"0":{"name":"(anonymous_0)","decl":{"start":{"line":2,"column":17},"end":{"line":2,"column":18}},"loc":{"start":{"line":2,"column":43},"end":{"line":13,"column":1}},"line":2},"1":{"name":"(anonymous_1)","decl":{"start":{"line":9,"column":19},"end":{"line":9,"column":20}},"loc":{"start":{"line":9,"column":31},"end":{"line":11,"column":3}},"line":9}},"branchMap":{},"s":{"0":0,"1":0,"2":0,"3":0},"f":{"0":0,"1":0},"b":{}},"/home/simeon/Documents/kick-survey/app/db/models/user.js":{"path":"/home/simeon/Documents/kick-survey/app/db/models/user.js","statementMap":{"0":{"start":{"line":2,"column":0},"end":{"line":30,"column":2}},"1":{"start":{"line":3,"column":15},"end":{"line":26,"column":8}},"2":{"start":{"line":27,"column":2},"end":{"line":28,"column":4}},"3":{"start":{"line":29,"column":2},"end":{"line":29,"column":14}}},"fnMap":{"0":{"name":"(anonymous_0)","decl":{"start":{"line":2,"column":17},"end":{"line":2,"column":18}},"loc":{"start":{"line":2,"column":43},"end":{"line":30,"column":1}},"line":2},"1":{"name":"(anonymous_1)","decl":{"start":{"line":27,"column":19},"end":{"line":27,"column":20}},"loc":{"start":{"line":27,"column":31},"end":{"line":28,"column":3}},"line":27}},"branchMap":{},"s":{"0":0,"1":0,"2":0,"3":0},"f":{"0":0,"1":0},"b":{}},"/home/simeon/Documents/kick-survey/app/routes/app-routes.js":{"path":"/home/simeon/Documents/kick-survey/app/routes/app-routes.js","statementMap":{"0":{"start":{"line":5,"column":4},"end":{"line":5,"column":22}},"1":{"start":{"line":6,"column":13},"end":{"line":6,"column":28}},"2":{"start":{"line":8,"column":23},"end":{"line":8,"column":64}},"3":{"start":{"line":9,"column":25},"end":{"line":9,"column":68}},"4":{"start":{"line":11,"column":4},"end":{"line":11,"column":53}},"5":{"start":{"line":13,"column":13},"end":{"line":118,"column":1}},"6":{"start":{"line":14,"column":19},"end":{"line":14,"column":31}},"7":{"start":{"line":17,"column":4},"end":{"line":17,"column":58}},"8":{"start":{"line":19,"column":27},"end":{"line":19,"column":51}},"9":{"start":{"line":21,"column":4},"end":{"line":115,"column":11}},"10":{"start":{"line":23,"column":35},"end":{"line":23,"column":79}},"11":{"start":{"line":24,"column":28},"end":{"line":28,"column":13}},"12":{"start":{"line":30,"column":12},"end":{"line":30,"column":55}},"13":{"start":{"line":33,"column":12},"end":{"line":33,"column":40}},"14":{"start":{"line":36,"column":12},"end":{"line":38,"column":13}},"15":{"start":{"line":37,"column":16},"end":{"line":37,"column":41}},"16":{"start":{"line":40,"column":26},"end":{"line":40,"column":75}},"17":{"start":{"line":42,"column":12},"end":{"line":48,"column":15}},"18":{"start":{"line":51,"column":12},"end":{"line":53,"column":13}},"19":{"start":{"line":52,"column":16},"end":{"line":52,"column":41}},"20":{"start":{"line":54,"column":31},"end":{"line":54,"column":70}},"21":{"start":{"line":55,"column":34},"end":{"line":55,"col
[...]
72,"column":46}},"176":{"start":{"line":273,"column":12},"end":{"line":273,"column":48}},"177":{"start":{"line":274,"column":12},"end":{"line":274,"column":54}},"178":{"start":{"line":276,"column":31},"end":{"line":276,"column":58}},"179":{"start":{"line":277,"column":12},"end":{"line":277,"column":61}},"180":{"start":{"line":279,"column":12},"end":{"line":279,"column":39}},"181":{"start":{"line":280,"column":12},"end":{"line":280,"column":43}},"182":{"start":{"line":282,"column":12},"end":{"line":282,"column":48}},"183":{"start":{"line":284,"column":12},"end":{"line":284,"column":35}},"184":{"start":{"line":287,"column":8},"end":{"line":298,"column":10}},"185":{"start":{"line":300,"column":4},"end":{"line":300,"column":31}}},"fnMap":{"0":{"name":"(anonymous_0)","decl":{"start":{"line":1,"column":1},"end":{"line":1,"column":2}},"loc":{"start":{"line":1,"column":13},"end":{"line":301,"column":1}},"line":1},"1":{"name":"(anonymous_1)","decl":{"start":{"line":2,"column":22},"end":{"line":2,"column":23}},"loc":{"start":{"line":2,"column":34},"end":{"line":299,"column":5}},"line":2},"2":{"name":"(anonymous_2)","decl":{"start":{"line":6,"column":30},"end":{"line":6,"column":31}},"loc":{"start":{"line":6,"column":53},"end":{"line":42,"column":9}},"line":6},"3":{"name":"(anonymous_3)","decl":{"start":{"line":44,"column":38},"end":{"line":44,"column":39}},"loc":{"start":{"line":44,"column":61},"end":{"line":77,"column":9}},"line":44},"4":{"name":"(anonymous_4)","decl":{"start":{"line":54,"column":37},"end":{"line":54,"column":38}},"loc":{"start":{"line":54,"column":55},"end":{"line":70,"column":13}},"line":54},"5":{"name":"(anonymous_5)","decl":{"start":{"line":79,"column":36},"end":{"line":79,"column":37}},"loc":{"start":{"line":79,"column":59},"end":{"line":110,"column":9}},"line":79},"6":{"name":"(anonymous_6)","decl":{"start":{"line":89,"column":37},"end":{"line":89,"column":38}},"loc":{"start":{"line":89,"column":55},"end":{"line":107,"column":13}},"line":89},"7":{"name":"(anonymous_7)","decl":{"start":{"line":112,"column":37},"end":{"line":112,"column":38}},"loc":{"start":{"line":112,"column":60},"end":{"line":134,"column":9}},"line":112},"8":{"name":"(anonymous_8)","decl":{"start":{"line":136,"column":28},"end":{"line":136,"column":29}},"loc":{"start":{"line":136,"column":51},"end":{"line":188,"column":9}},"line":136},"9":{"name":"(anonymous_9)","decl":{"start":{"line":190,"column":30},"end":{"line":190,"column":31}},"loc":{"start":{"line":190,"column":49},"end":{"line":206,"column":9}},"line":190},"10":{"name":"(anonymous_10)","decl":{"start":{"line":191,"column":28},"end":{"line":191,"column":29}},"loc":{"start":{"line":191,"column":40},"end":{"line":205,"column":13}},"line":191},"11":{"name":"(anonymous_11)","decl":{"start":{"line":195,"column":27},"end":{"line":195,"column":28}},"loc":{"start":{"line":195,"column":48},"end":{"line":197,"column":21}},"line":195},"12":{"name":"(anonymous_12)","decl":{"start":{"line":198,"column":28},"end":{"line":198,"column":29}},"loc":{"start":{"line":198,"column":49},"end":{"line":200,"column":21}},"line":198},"13":{"name":"(anonymous_13)","decl":{"start":{"line":202,"column":39},"end":{"line":202,"column":40}},"loc":{"start":{"line":202,"column":51},"end":{"line":204,"column":17}},"line":202},"14":{"name":"(anonymous_14)","decl":{"start":{"line":208,"column":28},"end":{"line":208,"column":29}},"loc":{"start":{"line":208,"column":48},"end":{"line":220,"column":9}},"line":208},"15":{"name":"(anonymous_15)","decl":{"start":{"line":210,"column":29},"end":{"line":210,"column":30}},"loc":{"start":{"line":210,"column":45},"end":{"line":219,"column":13}},"line":210},"16":{"name":"(anonymous_16)","decl":{"start":{"line":222,"column":36},"end":{"line":222,"column":37}},"loc":{"start":{"line":222,"column":59},"end":{"line":285,"column":9}},"line":222}},"branchMap":{"0":{"loc":{"start":{"line":27,"column":12},"end":{"line":29,"column":13}},"type":"if","locations":[{"start":{"line":27,"column":12},"end":{"line":29,"column":13}},{"start":{"line":27,"column":12},"end":{"line":29,"column":13}}],"line":27},"1":{"loc":{"start":{"line":72,"column":12},"end":{"line":74,"column":13}},"type":"if","locations":[{"start":{"line":72,"column":12},"end":{"line":74,"column":13}},{"start":{"line":72,"column":12},"end":{"line":74,"column":13}}],"line":72},"2":{"loc":{"start":{"line":125,"column":12},"end":{"line":127,"column":13}},"type":"if","locations":[{"start":{"line":125,"column":12},"end":{"line":127,"column":13}},{"start":{"line":125,"column":12},"end":{"line":127,"column":13}}],"line":125},"3":{"loc":{"start":{"line":169,"column":12},"end":{"line":171,"column":13}},"type":"if","locations":[{"start":{"line":169,"column":12},"end":{"line":171,"column":13}},{"start":{"line":169,"column":12},"end":{"line":171,"column":13}}],"line":169}},"s":{"0":0,"1":0,"2":0,"3":0,"4":0,"5":0,"6":0,"7":0,"8":0,"9":0,"10":0,"11":0,"12":0,"13":0,"14":0,"15":0,"16":0,"17":0,"18":0,"19":0,"20":0,"21":0,"22":0,"23":0,"24":0,"25":0,"26":0,"27":0,"28":0,"29":0,"30":0,"31":0,"32":0,"33":0,"34":0,"35":0,"36":0,"37":0,"38":0,"39":0,"40":0,"41":0,"42":0,"43":0,"44":0,"45":0,"46":0,"47":0,"48":0,"49":0,"50":0,"51":0,"52":0,"53":0,"54":0,"55":0,"56":0,"57":0,"58":0,"59":0,"60":0,"61":0,"62":0,"63":0,"64":0,"65":0,"66":0,"67":0,"68":0,"69":0,"70":0,"71":0,"72":0,"73":0,"74":0,"75":0,"76":0,"77":0,"78":0,"79":0,"80":0,"81":0,"82":0,"83":0,"84":0,"85":0,"86":0,"87":0,"88":0,"89":0,"90":0,"91":0,"92":0,"93":0,"94":0,"95":0,"96":0,"97":0,"98":0,"99":0,"100":0,"101":0,"102":0,"103":0,"104":0,"105":0,"106":0,"107":0,"108":0,"109":0,"110":0,"111":0,"112":0,"113":0,"114":0,"115":0,"116":0,"117":0,"118":0,"119":0,"120":0,"121":0,"122":0,"123":0,"124":0,"125":0,"126":0,"127":0,"128":0,"129":0,"130":0,"131":0,"132":0,"133":0,"134":0,"135":0,"136":0,"137":0,"138":0,"139":0,"140":0,"141":0,"142":0,"143":0,"144":0,"145":0,"146":0,"147":0,"148":0,"149":0,"150":0,"151":0,"152":0,"153":0,"154":0,"155":0,"156":0,"157":0,"158":0,"159":0,"160":0,"161":0,"162":0,"163":0,"164":0,"165":0,"166":0,"167":0,"168":0,"169":0,"170":0,"171":0,"172":0,"173":0,"174":0,"175":0,"176":0,"177":0,"178":0,"179":0,"180":0,"181":0,"182":0,"183":0,"184":0,"185":0},"f":{"0":0,"1":0,"2":0,"3":0,"4":0,"5":0,"6":0,"7":0,"8":0,"9":0,"10":0,"11":0,"12":0,"13":0,"14":0,"15":0,"16":0},"b":{"0":[0,0],"1":[0,0],"2":[0,0],"3":[0,0]}},"/home/simeon/Documents/kick-survey/public/js/preview.js":{"path":"/home/simeon/Documents/kick-survey/public/js/preview.js","statementMap":{"0":{"start":{"line":2,"column":0},"end":{"line":156,"column":3}},"1":{"start":{"line":3,"column":16},"end":{"line":3,"column":59}},"2":{"start":{"line":5,"column":4},"end":{"line":108,"column":7}},"3":{"start":{"line":14,"column":25},"end":{"line":14,"column":34}},"4":{"start":{"line":15,"column":33},"end":{"line":15,"column":61}},"5":{"start":{"line":16,"column":12},"end":{"line":16,"column":38}},"6":{"start":{"line":17,"column":12},"end":{"line":18,"column":45}},"7":{"start":{"line":21,"column":12},"end":{"line":21,"column":32}},"8":{"start":{"line":22,"column":38},"end":{"line":22,"column":67}},"9":{"start":{"line":23,"column":37},"end":{"line":23,"column":66}},"10":{"start":{"line":24,"column":38},"end":{"line":24,"column":67}},"11":{"start":{"line":26,"column":40},"end":{"line":26,"column":70}},"12":{"start":{"line":27,"column":39},"end":{"line":27,"column":69}},"13":{"start":{"line":28,"column":40},"end":{"line":28,"column":70}},"14":{"start":{"line":30,"column":35},"end":{"line":30,"column":65}},"15":{"start":{"line":31,"column":34},"end":{"line":31,"column":64}},"16":{"start":{"line":32,"column":35},"end":{"line":32,"column":65}},"17":{"start":{"line":34,"column":12},"end":{"line":34,"column":52}},"18":{"start":{"line":35,"column":12},"end":{"line":35,"column":53}},"19":{"start":{"line":36,"column":12},"end":{"line":36,"column":56}},"20":{"start":{"line":38,"column":12},"end":{"line":38,"column":48}},"21":{"start":{"line":39,"column":12},"end":{"line":39,"column":56}},"22":{"start":{"line":40,"column":12},"end":{"line":40,"column":63}},"23":{"start":{"line":42,"column":12},"end":{"line":42,"column":69}},"24":{"start":{"line":43,"column":12},"end":{"line":43,"column":72}},"25":{"start":{"line":44,"column":12},"end":{"line":44,"column":69}},"26":{"start":{"line":46,"column":12},"end":{"line":48,"column":40}},"27":{"start":{"line":49,"column":12},"end":{"line":51,"column":39}},"28":{"start":{"line":52,"column":12},"end":{"line":54,"column":40}},"29":{"start":{"line":56,"column":12},"end":{"line":58,"column":43}},"30":{"start":{"line":60,"column":12},"end":{"line":60,"column":55}},"31":{"start":{"line":61,"column":12},"end":{"line":61,"column":68}},"32":{"start":{"line":62,"column":12},"end":{"line":62,"column":61}},"33":{"start":{"line":63,"column":25},"end":{"line":63,"column":65}},"34":{"start":{"line":65,"column":12},"end":{"line":95,"column":15}},"35":{"start":{"line":66,"column":28},"end":{"line":66,"column":57}},"36":{"start":{"line":67,"column":34},"end":{"line":67,"column":63}},"37":{"start":{"line":69,"column":16},"end":{"line":69,"column":38}},"38":{"start":{"line":70,"column":16},"end":{"line":70,"column":51}},"39":{"start":{"line":73,"column":16},"end":{"line":73,"column":43}},"40":{"start":{"line":74,"column":16},"end":{"line":93,"column":17}},"41":{"start":{"line":75,"column":20},"end":{"line":75,"column":83}},"42":{"start":{"line":76,"column":20},"end":{"line":76,"column":54}},"43":{"start":{"line":77,"column":23},"end":{"line":93,"column":17}},"44":{"start":{"line":78,"column":20},"end":{"line":78,"column":91}},"45":{"start":{"line":79,"column":20},"end":{"line":79,"column":61}},"46":{"start":{"line":80,"column":20},"end":{"line":80,"column":54}},"47":{"start":{"line":81,"column":23},"end":{"line":93,"column":17}},"48":{"start":{"line":82,"column":20},"end":{"line":82,"column":89}},"49":{"start":{"line":83,"column":20},"end":{"line":83,"column":54}},"50":{"start":{"line":84,"column":23},"end":{"line":93,"column":17}},"51":{"start":{"line":85,"column":20},"end":{"line":85,"column":90}},"52":{"start":{"line":86,"column":20},"end":{"line":86,"column":54}},"53":{"start":{"line":87,"column":23},"end":{"line":93,"column":17}},"54":{"start":{"line":88,"column":20},"end":{"line":88,"column":89}},"55":{"start":{"line":89,"column":20},"end":{"line":89,"column":54}},"56":{"start":{"line":90,"column":23},"end":{"line":93,"column":17}},"57":{"start":{"line":91,"column":20},"end":{"line":91,"column":81}},"58":{"start":{"line":92,"column":20},"end":{"line":92,"column":54}},"59":{"start":{"line":94,"column":16},"end":{"line":94,"column":38}},"60":{"start":{"line":97,"column":12},"end":{"line":97,"column":71}},"61":{"start":{"line":98,"column":12},"end":{"line":98,"column":70}},"62":{"start":{"line":100,"column":30},"end":{"line":100,"column":62}},"63":{"start":{"line":101,"column":12},"end":{"line":101,"column":47}},"64":{"start":{"line":102,"column":12},"end":{"line":102,"column":52}},"65":{"start":{"line":103,"column":12},"end":{"line":103,"column":53}},"66":{"start":{"line":104,"column":12},"end":{"line":104,"column":54}},"67":{"start":{"line":105,"column":12},"end":{"line":105,"column":43}},"68":{"start":{"line":106,"column":12},"end":{"line":106,"column":40}},"69":{"start":{"line":110,"column":29},"end":{"line":119,"column":5}},"70":{"start":{"line":111,"column":19},"end":{"line":111,"column":23}},"71":{"start":{"line":112,"column":8},"end":{"line":117,"column":11}},"72":{"start":{"line":113,"column":29},"end":{"line":113,"column":84}},"73":{"start":{"line":114,"column":12},"end":{"line":116,"column":13}},"74":{"start":{"line":115,"column":16},"end":{"line":115,"column":29}},"75":{"start":{"line":118,"column":8},"end":{"line":118,"column":20}},"76":{"start":{"line":121,"column":4},"end":{"line":155,"column":7}},"77":{"start":{"line":122,"column":8},"end":{"line":122,"column":27}},"78":{"start":{"line":123,"column":33},"end":{"line":123,"column":63}},"79":{"start":{"line":124,"column":25},"end":{"line":124,"column":59}},"80":{"start":{"line":125,"column":8},"end":{"line":128,"column":9}},"81":{"start":{"line":126,"column":12},"end":{"line":126,"column":34}},"82":{"start":{"line":127,"column":12},"end":{"line":127,"column":25}},"83":{"start":{"line":130,"column":26},"end":{"line":130,"column":62}},"84":{"start":{"line":132,"column":30},"end":{"line":136,"column":9}},"85":{"start":{"line":138,"column":8},"end":{"line":152,"column":11}},"86":{"start":{"line":147,"column":16},"end":{"line":147,"column":35}},"87":{"start":{"line":150,"column":16},"end":{"line":150,"column":39}},"88":{"start":{"line":154,"column":8},"end":{"line":154,"column":21}}},"fnMap":{"0":{"name":"(anonymous_0)","decl":{"start":{"line":2,"column":2},"end":{"line":2,"column":3}},"loc":{"start":{"line":2,"column":14},"end":{"line":156,"column":1}},"line":2},"1":{"name":"(anonymous_1)","decl":{"start":{"line":9,"column":20},"end":{"line":9,"column":21}},"loc":{"start":{"line":9,"column":32},"end":{"line":12,"column":9}},"line":9},"2":{"name":"(anonymous_2)","decl":{"start":{"line":13,"column":15},"end":{"line":13,"column":16}},"loc":{"start":{"line":13,"column":32},"end":{"line":19,"column":9}},"line":13},"3":{"name":"(anonymous_3)","decl":{"start":{"line":20,"column":17},"end":{"line":20,"column":18}},"loc":{"start":{"line":20,"column":35},"end":{"line":107,"column":9}},"line":20},"4":{"name":"(anonymous_4)","decl":{"start":{"line":65,"column":45},"end":{"line":65,"column":46}},"loc":{"start":{"line":65,"column":71},"end":{"line":95,"column":13}},"line":65},"5":{"name":"(anonymous_5)","decl":{"start":{"line":110,"column":29},"end":{"line":110,"column":30}},"loc":{"start":{"line":110,"column":57},"end":{"line":119,"column":5}},"line":110},"6":{"name":"(anonymous_6)","decl":{"start":{"line":112,"column":30},"end":{"line":112,"column":31}},"loc":{"start":{"line":112,"column":57},"end":{"line":117,"column":9}},"line":112},"7":{"name":"(anonymous_7)","decl":{"start":{"line":121,"column":31},"end":{"line":121,"column":32}},"loc":{"start":{"line":121,"column":44},"end":{"line":155,"column":5}},"line":121},"8":{"name":"(anonymous_8)","decl":{"start":{"line":146,"column":19},"end":{"line":146,"column":20}},"loc":{"start":{"line":146,"column":36},"end":{"line":148,"column":13}},"line":146},"9":{"name":"(anonymous_9)","decl":{"start":{"line":149,"column":21},"end":{"line":149,"column":22}},"loc":{"start":{"line":149,"column":40},"end":{"line":151,"column":13}},"line":149}},"branchMap":{"0":{"loc":{"start":{"line":74,"column":16},"end":{"line":93,"column":17}},"type":"if","locations":[{"start":{"line":74,"column":16},"end":{"line":93,"column":17}},{"start":{"line":74,"column":16},"end":{"line":93,"column":17}}],"line":74},"1":{"loc":{"start":{"line":77,"column":23},"end":{"line":93,"column":17}},"type":"if","locations":[{"start":{"line":77,"column":23},"end":{"line":93,"column":17}},{"start":{"line":77,"column":23},"end":{"line":93,"column":17}}],"line":77},"2":{"loc":{"start":{"line":81,"column":23},"end":{"line":93,"column":17}},"type":"if","locations":[{"start":{"line":81,"column":23},"end":{"line":93,"column":17}},{"start":{"line":81,"column":23},"end":{"line":93,"column":17}}],"line":81},"3":{"loc":{"start":{"line":84,"column":23},"end":{"line":93,"column":17}},"type":"if","locations":[{"start":{"line":84,"column":23},"end":{"line":93,"column":17}},{"start":{"line":84,"column":23},"end":{"line":93,"column":17}}],"line":84},"4":{"loc":{"start":{"line":87,"column":23},"end":{"line":93,"column":17}},"type":"if","locations":[{"start":{"line":87,"column":23},"end":{"line":93,"column":17}},{"start":{"line":87,"column":23},"end":{"line":93,"column":17}}],"line":87},"5":{"loc":{"start":{"line":90,"column":23},"end":{"line":93,"column":17}},"type":"if","locations":[{"start":{"line":90,"column":23},"end":{"line":93,"column":17}},{"start":{"line":90,"column":23},"end":{"line":93,"column":17}}],"line":90},"6":{"loc":{"start":{"line":114,"column":12},"end":{"line":116,"column":13}},"type":"if","locations":[{"start":{"line":114,"column":12},"end":{"line":116,"column":13}},{"start":{"line":114,"column":12},"end":{"line":116,"column":13}}],"line":114},"7":{"loc":{"start":{"line":125,"column":8},"end":{"line":128,"column":9}},"type":"if","locations":[{"start":{"line":125,"column":8},"end":{"line":128,"column":9}},{"start":{"line":125,"column":8},"end":{"line":128,"column":9}}],"line":125}},"s":{"0":0,"1":0,"2":0,"3":0,"4":0,"5":0,"6":0,"7":0,"8":0,"9":0,"10":0,"11":0,"12":0,"13":0,"14":0,"15":0,"16":0,"17":0,"18":0,"19":0,"20":0,"21":0,"22":0,"23":0,"24":0,"25":0,"26":0,"27":0,"28":0,"29":0,"30":0,"31":0,"32":0,"33":0,"34":0,"35":0,"36":0,"37":0,"38":0,"39":0,"40":0,"41":0,"42":0,"43":0,"44":0,"45":0,"46":0,"47":0,"48":0,"49":0,"50":0,"51":0,"52":0,"53":0,"54":0,"55":0,"56":0,"57":0,"58":0,"59":0,"60":0,"61":0,"62":0,"63":0,"64":0,"65":0,"66":0,"67":0,"68":0,"69":0,"70":0,"71":0,"72":0,"73":0,"74":0,"75":0,"76":0,"77":0,"78":0,"79":0,"80":0,"81":0,"82":0,"83":0,"84":0,"85":0,"86":0,"87":0,"88":0},"f":{"0":0,"1":0,"2":0,"3":0,"4":0,"5":0,"6":0,"7":0,"8":0,"9":0},"b":{"0":[0,0],"1":[0,0],"2":[0,0],"3":[0,0],"4":[0,0],"5":[0,0],"6":[0,0],"7":[0,0]}},"/home/simeon/Documents/kick-survey/public/js/register-validation.js":{"path":"/home/simeon/Documents/kick-survey/public/js/register-validation.js","statementMap":{"0":{"start":{"line":3,"column":0},"end":{"line":31,"column":3}},"1":{"start":{"line":4,"column":4},"end":{"line":30,"column":7}},"2":{"start":{"line":5,"column":27},"end":{"line":12,"column":9}},"3":{"start":{"line":13,"column":8},"end":{"line":28,"column":11}},"4":{"start":{"line":19,"column":38},"end":{"line":19,"column":56}},"5":{"start":{"line":20,"column":16},"end":{"line":23,"column":43}},"6":{"start":{"line":26,"column":16},"end":{"line":26,"column":48}},"7":{"start":{"line":29,"column":8},"end":{"line":29,"column":21}}},"fnMap":{"0":{"name":"(anonymous_0)","decl":{"start":{"line":3,"column":2},"end":{"line":3,"column":3}},"loc":{"start":{"line":3,"column":14},"end":{"line":31,"column":1}},"line":3},"1":{"name":"(anonymous_1)","decl":{"start":{"line":4,"column":30},"end":{"line":4,"column":31}},"loc":{"start":{"line":4,"column":43},"end":{"line":30,"column":5}},"line":4},"2":{"name":"(anonymous_2)","decl":{"start":{"line":18,"column":19},"end":{"line":18,"column":20}},"loc":{"start":{"line":18,"column":36},"end":{"line":24,"column":13}},"line":18},"3":{"name":"(anonymous_3)","decl":{"start":{"line":25,"column":21},"end":{"line":25,"column":22}},"loc":{"start":{"line":25,"column":33},"end":{"line":27,"column":13}},"line":25}},"branchMap":{},"s":{"0":0,"1":0,"2":0,"3":0,"4":0,"5":0,"6":0,"7":0},"f":{"0":0,"1":0,"2":0,"3":0},"b":{}},"/home/simeon/Documents/kick-survey/public/js/statistic-pie.js":{"path":"/home/simeon/Documents/kick-survey/public/js/statistic-pie.js","statementMap":{"0":{"start":{"line":1,"column":0},"end":{"line":81,"column":3}},"1":{"start":{"line":3,"column":4},"end":{"line":13,"column":7}},"2":{"start":{"line":8,"column":12},"end":{"line":8,"column":31}},"3":{"start":{"line":11,"column":12},"end":{"line":11,"column":38}},"4":{"start":{"line":15,"column":14},"end":{"line":31,"column":6}},"5":{"start":{"line":32,"column":14},"end":{"line":48,"column":6}},"6":{"start":{"line":50,"column":16},"end":{"line":80,"column":6}}},"fnMap":{"0":{"name":"(anonymous_0)","decl":{"start":{"line":1,"column":2},"end":{"line":1,"column":3}},"loc":{"start":{"line":1,"column":14},"end":{"line":81,"column":1}},"line":1},"1":{"name":"(anonymous_1)","decl":{"start":{"line":7,"column":15},"end":{"line":7,"column":16}},"loc":{"start":{"line":7,"column":32},"end":{"line":9,"column":9}},"line":7},"2":{"name":"(anonymous_2)","decl":{"start":{"line":10,"column":17},"end":{"line":10,"column":18}},"loc":{"start":{"line":10,"column":37},"end":{"line":12,"column":9}},"line":10}},"branchMap":{},"s":{"0":0,"1":0,"2":0,"3":0,"4":0,"5":0,"6":0},"f":{"0":0,"1":0,"2":0},"b":{}}}